{"level":"warn","message":"Ruta GET /css/styles.css no implementada"}
{"level":"warn","message":"Ruta GET /index.js no implementada"}
{"level":"warn","message":"Ruta GET /css/styles.css no implementada"}
{"level":"warn","message":"Ruta GET /index.js no implementada"}
{"level":"warn","message":"Ruta GET /css/styles.css no implementada"}
{"level":"warn","message":"Ruta GET /index.js no implementada"}
{"level":"warn","message":"Ruta GET /css/styles.css no implementada"}
{"level":"warn","message":"Ruta GET /index.js no implementada"}
{"level":"error","message":"Error en login de usuario"}
{"level":"error","message":"error al traer los productos ReferenceError: containerFS is not defined"}
{"level":"warn","message":"Ruta GET /favicon.ico no implementada"}
{"level":"error","message":"error al traer los productos TypeError: Cannot read properties of undefined (reading 'getAll')"}
{"level":"warn","message":"Ruta GET /favicon.ico no implementada"}
{"level":"error","message":"error al traer los productos TypeError: Cannot read properties of undefined (reading 'getAll')"}
{"level":"warn","message":"Ruta GET /favicon.ico no implementada"}
{"level":"error","message":"error al traer los productos TypeError: Cannot read properties of undefined (reading 'getAll')"}
{"level":"warn","message":"Ruta GET /favicon.ico no implementada"}
{"level":"error","message":"error al traer los productos TypeError: Cannot read properties of undefined (reading 'getAll')"}
{"level":"warn","message":"Ruta GET /favicon.ico no implementada"}
{"level":"error","message":"error al traer los productos TypeError: Cannot read properties of undefined (reading 'getAll')"}
{"level":"warn","message":"Ruta GET /favicon.ico no implementada"}
{"level":"error","message":"error al traer los productos TypeError: Cannot read properties of undefined (reading 'getAll')"}
{"level":"warn","message":"Ruta GET /favicon.ico no implementada"}
{"level":"error","message":"error al traer los productos TypeError: Cannot read properties of undefined (reading 'getAll')"}
{"level":"warn","message":"Ruta GET /favicon.ico no implementada"}
{"level":"error","message":"error al traer los productos TypeError: Cannot read properties of undefined (reading 'getAll')"}
{"level":"warn","message":"Ruta GET /favicon.ico no implementada"}
{"level":"error","message":"error al traer los productos TypeError: Cannot read properties of undefined (reading 'getAll')"}
{"level":"warn","message":"Ruta GET /favicon.ico no implementada"}
{"level":"error","message":"Error en login de usuario"}
{"level":"error","message":"error al traer los productos TypeError: Cannot read properties of undefined (reading 'getAll')"}
{"level":"warn","message":"Ruta GET /favicon.ico no implementada"}
{"level":"error","message":"error al traer los productos TypeError: Cannot read properties of undefined (reading 'getAll')"}
{"level":"warn","message":"Ruta GET /favicon.ico no implementada"}
{"level":"error","message":"error al traer los productos TypeError: Cannot read properties of undefined (reading 'getAll')"}
{"level":"warn","message":"Ruta GET /favicon.ico no implementada"}
{"level":"error","message":"Error al guardar en mongo TypeError: this.models[collection].save is not a function"}
{"level":"error","message":"Error en registro de usuario"}
{"level":"error","message":"error al traer los productos TypeError: Cannot read properties of undefined (reading 'getAll')"}
{"level":"warn","message":"Ruta GET /favicon.ico no implementada"}
{"level":"error","message":"error al traer los productos TypeError: Cannot read properties of undefined (reading 'getAll')"}
{"level":"warn","message":"Ruta GET /favicon.ico no implementada"}
{"level":"error","message":"error al traer los productos TypeError: Cannot read properties of undefined (reading 'getAll')"}
{"level":"warn","message":"Ruta GET /favicon.ico no implementada"}
{"level":"error","message":"Error en login de usuario"}
{"level":"error","message":"error al traer los productos TypeError: Cannot read properties of undefined (reading 'getAll')"}
{"level":"warn","message":"Ruta GET /favicon.ico no implementada"}
{"level":"error","message":"error al traer los productos TypeError: Cannot read properties of undefined (reading 'getAll')"}
{"level":"warn","message":"Ruta GET /favicon.ico no implementada"}
{"level":"error","message":"error al traer los productos TypeError: Cannot read properties of undefined (reading 'getAll')"}
{"level":"warn","message":"Ruta GET /favicon.ico no implementada"}
{"level":"error","message":"error al traer los productos TypeError: Cannot read properties of undefined (reading 'getAll')"}
{"level":"warn","message":"Ruta GET /favicon.ico no implementada"}
{"level":"error","message":"error al traer los productos TypeError: Cannot read properties of undefined (reading 'getAll')"}
{"level":"warn","message":"Ruta GET /favicon.ico no implementada"}
{"level":"error","message":"error al traer los productos TypeError: Cannot read properties of undefined (reading 'getAll')"}
{"level":"warn","message":"Ruta GET /favicon.ico no implementada"}
{"level":"error","message":"error al traer los productos TypeError: Cannot read properties of undefined (reading 'getAll')"}
{"level":"warn","message":"Ruta GET /favicon.ico no implementada"}
{"level":"error","message":"error al traer los productos TypeError: Cannot read properties of undefined (reading 'getAll')"}
{"level":"warn","message":"Ruta GET /favicon.ico no implementada"}
{"level":"error","message":"error al traer los productos TypeError: Cannot read properties of undefined (reading 'getAll')"}
{"level":"warn","message":"Ruta GET /favicon.ico no implementada"}
{"level":"error","message":"error al traer los productos TypeError: Cannot read properties of undefined (reading 'getAll')"}
{"level":"warn","message":"Ruta GET /favicon.ico no implementada"}
{"level":"error","message":"error al traer los productos TypeError: Cannot read properties of undefined (reading 'getAll')"}
{"level":"warn","message":"Ruta GET /favicon.ico no implementada"}
{"level":"error","message":"error al traer los productos TypeError: Cannot read properties of undefined (reading 'getAll')"}
{"level":"warn","message":"Ruta GET /favicon.ico no implementada"}
{"level":"error","message":"error al traer los productos TypeError: Cannot read properties of undefined (reading 'getAll')"}
{"level":"warn","message":"Ruta GET /favicon.ico no implementada"}
{"level":"error","message":"error al traer los productos TypeError: Cannot read properties of undefined (reading 'getAll')"}
{"level":"warn","message":"Ruta GET /favicon.ico no implementada"}
{"level":"error","message":"error al traer los productos TypeError: Cannot read properties of undefined (reading 'getAll')"}
{"level":"warn","message":"Ruta GET /favicon.ico no implementada"}
{"level":"error","message":"error al traer los productos TypeError: Cannot read properties of undefined (reading 'getAll')"}
{"level":"warn","message":"Ruta GET /favicon.ico no implementada"}
{"level":"error","message":"error al traer los productos TypeError: Cannot read properties of undefined (reading 'getAll')"}
{"level":"warn","message":"Ruta GET /favicon.ico no implementada"}
{"level":"error","message":"error al traer los productos TypeError: Cannot read properties of undefined (reading 'getAll')"}
{"level":"warn","message":"Ruta GET /favicon.ico no implementada"}
{"level":"error","message":"error al traer los productos TypeError: Cannot read properties of undefined (reading 'getAll')"}
{"level":"warn","message":"Ruta GET /favicon.ico no implementada"}
{"level":"error","message":"error al traer los productos TypeError: Cannot read properties of undefined (reading 'getAll')"}
{"level":"warn","message":"Ruta GET /favicon.ico no implementada"}
{"level":"error","message":"error al traer los productos TypeError: Cannot read properties of undefined (reading 'getAll')"}
{"level":"warn","message":"Ruta GET /favicon.ico no implementada"}
{"level":"error","message":"error al traer los productos TypeError: Cannot read properties of undefined (reading 'getAll')"}
{"level":"warn","message":"Ruta GET /favicon.ico no implementada"}
{"level":"error","message":"error al traer los productos TypeError: Cannot read properties of undefined (reading 'getAll')"}
{"level":"warn","message":"Ruta GET /favicon.ico no implementada"}
{"level":"error","message":"error al traer los productos TypeError: Cannot read properties of undefined (reading 'getAll')"}
{"level":"warn","message":"Ruta GET /favicon.ico no implementada"}
{"level":"error","message":"error al traer los productos TypeError: Cannot read properties of undefined (reading 'getAll')"}
{"level":"warn","message":"Ruta GET /favicon.ico no implementada"}
{"level":"error","message":"error al traer los productos TypeError: Cannot read properties of undefined (reading 'getAll')"}
{"level":"warn","message":"Ruta GET /favicon.ico no implementada"}
{"level":"error","message":"error al traer los productos TypeError: Cannot read properties of undefined (reading 'getAll')"}
{"level":"warn","message":"Ruta GET /favicon.ico no implementada"}
{"level":"error","message":"error al traer los productos TypeError: Cannot read properties of undefined (reading 'getAll')"}
{"level":"warn","message":"Ruta GET /favicon.ico no implementada"}
{"level":"error","message":"error al traer los productos TypeError: Cannot read properties of undefined (reading 'getAll')"}
{"level":"warn","message":"Ruta GET /favicon.ico no implementada"}
{"level":"error","message":"error al traer los productos TypeError: Cannot read properties of undefined (reading 'getAll')"}
{"level":"warn","message":"Ruta GET /favicon.ico no implementada"}
{"level":"error","message":"error al traer los productos TypeError: Cannot read properties of undefined (reading 'getAll')"}
{"level":"warn","message":"Ruta GET /favicon.ico no implementada"}
{"level":"error","message":"error al traer los productos TypeError: Cannot read properties of undefined (reading 'getAll')"}
{"level":"warn","message":"Ruta GET /favicon.ico no implementada"}
{"level":"error","message":"error al traer los productos TypeError: Cannot read properties of undefined (reading 'getAll')"}
{"level":"warn","message":"Ruta GET /favicon.ico no implementada"}
{"level":"error","message":"error al traer los productos TypeError: Cannot read properties of undefined (reading 'getAll')"}
{"level":"warn","message":"Ruta GET /favicon.ico no implementada"}
{"level":"error","message":"error al traer los productos TypeError: Cannot read properties of undefined (reading 'getAll')"}
{"level":"warn","message":"Ruta GET /favicon.ico no implementada"}
{"level":"error","message":"Error al guardar en mongo ValidationError: author.0._id: Path `_id` is required."}
{"level":"error","message":"error al traer los productos TypeError: Cannot read properties of undefined (reading 'getAll')"}
{"level":"warn","message":"Ruta GET /favicon.ico no implementada"}
{"level":"error","message":"error al traer los productos TypeError: Cannot read properties of undefined (reading 'getAll')"}
{"level":"warn","message":"Ruta GET /favicon.ico no implementada"}
{"level":"error","message":"error al traer los productos TypeError: Cannot read properties of undefined (reading 'getAll')"}
{"level":"warn","message":"Ruta GET /favicon.ico no implementada"}
{"level":"error","message":"Error al guardar en mongo ValidationError: author.0._id: Path `_id` is required."}
{"level":"error","message":"error al traer los productos TypeError: Cannot read properties of undefined (reading 'getAll')"}
{"level":"warn","message":"Ruta GET /favicon.ico no implementada"}
{"level":"error","message":"error al traer los productos TypeError: Cannot read properties of undefined (reading 'getAll')"}
{"level":"warn","message":"Ruta GET /favicon.ico no implementada"}
{"level":"error","message":"Error al guardar en mongo ValidationError: author.0._id: Path `_id` is required."}
{"level":"error","message":"error al traer los productos TypeError: Cannot read properties of undefined (reading 'getAll')"}
{"level":"warn","message":"Ruta GET /favicon.ico no implementada"}
{"level":"error","message":"error al traer los productos TypeError: Cannot read properties of undefined (reading 'getAll')"}
{"level":"warn","message":"Ruta GET /favicon.ico no implementada"}
{"level":"error","message":"Error al guardar en mongo ValidationError: author.0._id: Path `_id` is required."}
{"level":"error","message":"error al traer los productos TypeError: Cannot read properties of undefined (reading 'getAll')"}
{"level":"warn","message":"Ruta GET /favicon.ico no implementada"}
{"level":"warn","message":"Ruta GET /favicon.ico no implementada"}
{"level":"error","message":"error al traer los productos TypeError: Cannot read properties of undefined (reading 'getAll')"}
{"level":"error","message":"Error al guardar en mongo ValidationError: author.0._id: Path `_id` is required."}
{"level":"error","message":"error al traer los productos TypeError: Cannot read properties of undefined (reading 'getAll')"}
{"level":"warn","message":"Ruta GET /favicon.ico no implementada"}
{"level":"error","message":"error al traer los productos TypeError: Cannot read properties of undefined (reading 'getAll')"}
{"level":"warn","message":"Ruta GET /favicon.ico no implementada"}
{"level":"error","message":"Error al guardar en mongo ValidationError: author.0._id: Path `_id` is required."}
{"level":"error","message":"error al traer los productos TypeError: Cannot read properties of undefined (reading 'getAll')"}
{"level":"warn","message":"Ruta GET /favicon.ico no implementada"}
{"level":"error","message":"error al traer los productos TypeError: Cannot read properties of undefined (reading 'getAll')"}
{"level":"warn","message":"Ruta GET /favicon.ico no implementada"}
{"level":"error","message":"Error al guardar en mongo ValidationError: author.0._id: Path `_id` is required."}
{"level":"error","message":"error al traer los productos TypeError: Cannot read properties of undefined (reading 'getAll')"}
{"level":"warn","message":"Ruta GET /favicon.ico no implementada"}
{"level":"error","message":"error al traer los productos TypeError: Cannot read properties of undefined (reading 'getAll')"}
{"level":"warn","message":"Ruta GET /favicon.ico no implementada"}
{"level":"error","message":"Error al guardar en mongo MongoServerError: E11000 duplicate key error collection: ecommerce.messages index: _id_ dup key: { _id: 1 }"}
{"level":"error","message":"error al traer los productos TypeError: Cannot read properties of undefined (reading 'getAll')"}
{"level":"warn","message":"Ruta GET /favicon.ico no implementada"}
{"level":"error","message":"error al traer los productos TypeError: Cannot read properties of undefined (reading 'getAll')"}
{"level":"error","message":"error al traer los productos TypeError: Cannot read properties of undefined (reading 'getAll')"}
{"level":"warn","message":"Ruta GET /favicon.ico no implementada"}
{"level":"warn","message":"Ruta GET /favicon.ico no implementada"}
{"level":"error","message":"error al traer los productos TypeError: Cannot read properties of undefined (reading 'getAll')"}
{"level":"warn","message":"Ruta GET /favicon.ico no implementada"}
{"level":"warn","message":"Ruta GET /favicon.ico no implementada"}
{"level":"error","message":"error al traer los productos TypeError: Cannot read properties of undefined (reading 'getAll')"}
{"level":"warn","message":"Ruta GET /favicon.ico no implementada"}
{"level":"error","message":"error al traer los productos TypeError: Cannot read properties of undefined (reading 'getAll')"}
{"level":"warn","message":"Ruta GET /favicon.ico no implementada"}
{"level":"error","message":"error al traer los productos TypeError: Cannot read properties of undefined (reading 'getAll')"}
{"level":"warn","message":"Ruta GET /favicon.ico no implementada"}
{"level":"error","message":"error al traer los productos TypeError: Cannot read properties of undefined (reading 'getAll')"}
{"level":"warn","message":"Ruta GET /favicon.ico no implementada"}
{"level":"error","message":"error al traer los productos TypeError: Cannot read properties of undefined (reading 'getAll')"}
{"level":"warn","message":"Ruta GET /favicon.ico no implementada"}
{"level":"error","message":"error al traer los productos TypeError: Cannot read properties of undefined (reading 'getAll')"}
{"level":"warn","message":"Ruta GET /favicon.ico no implementada"}
{"level":"error","message":"error al traer los productos TypeError: Cannot read properties of undefined (reading 'getAll')"}
{"level":"warn","message":"Ruta GET /favicon.ico no implementada"}
{"level":"error","message":"error al traer los productos TypeError: Cannot read properties of undefined (reading 'getAll')"}
{"level":"warn","message":"Ruta GET /favicon.ico no implementada"}
{"level":"error","message":"error al traer los productos TypeError: Cannot read properties of undefined (reading 'getAll')"}
{"level":"warn","message":"Ruta GET /favicon.ico no implementada"}
{"level":"error","message":"error al traer los productos TypeError: Cannot read properties of undefined (reading 'getAll')"}
{"level":"warn","message":"Ruta GET /favicon.ico no implementada"}
{"level":"error","message":"error al traer los productos TypeError: Cannot read properties of undefined (reading 'getAll')"}
{"level":"warn","message":"Ruta GET /favicon.ico no implementada"}
{"level":"warn","message":"Ruta GET /favicon.ico no implementada"}
{"level":"error","message":"error al traer los productos TypeError: Cannot read properties of undefined (reading 'getAll')"}
{"level":"warn","message":"Ruta GET /favicon.ico no implementada"}
{"level":"error","message":"error al traer los productos TypeError: Cannot read properties of undefined (reading 'getAll')"}
{"level":"warn","message":"Ruta GET /favicon.ico no implementada"}
{"level":"error","message":"error al traer los productos TypeError: Cannot read properties of undefined (reading 'getAll')"}
{"level":"warn","message":"Ruta GET /favicon.ico no implementada"}
{"level":"error","message":"error al traer los productos TypeError: Cannot read properties of undefined (reading 'getAll')"}
{"level":"warn","message":"Ruta GET /favicon.ico no implementada"}
{"level":"error","message":"error al traer los productos TypeError: Cannot read properties of undefined (reading 'getAll')"}
{"level":"warn","message":"Ruta GET /favicon.ico no implementada"}
{"level":"error","message":"error al traer los productos TypeError: Cannot read properties of undefined (reading 'getAll')"}
{"level":"warn","message":"Ruta GET /favicon.ico no implementada"}
{"level":"error","message":"error al traer los productos TypeError: Cannot read properties of undefined (reading 'getAll')"}
{"level":"warn","message":"Ruta GET /favicon.ico no implementada"}
{"level":"error","message":"error al traer los productos TypeError: Cannot read properties of undefined (reading 'getAll')"}
{"level":"warn","message":"Ruta GET /favicon.ico no implementada"}
{"level":"error","message":"error al traer los productos TypeError: Cannot read properties of undefined (reading 'getAll')"}
{"level":"warn","message":"Ruta GET /favicon.ico no implementada"}
{"level":"error","message":"error al traer los productos TypeError: Cannot read properties of undefined (reading 'getAll')"}
{"level":"warn","message":"Ruta GET /favicon.ico no implementada"}
{"level":"error","message":"error al traer los productos TypeError: Cannot read properties of undefined (reading 'getAll')"}
{"level":"warn","message":"Ruta GET /favicon.ico no implementada"}
{"level":"error","message":"error al traer los productos TypeError: Cannot read properties of undefined (reading 'getAll')"}
{"level":"warn","message":"Ruta GET /favicon.ico no implementada"}
{"level":"error","message":"error al traer los productos TypeError: Cannot read properties of undefined (reading 'getAll')"}
{"level":"warn","message":"Ruta GET /favicon.ico no implementada"}
{"level":"error","message":"error al traer los productos TypeError: Cannot read properties of undefined (reading 'getAll')"}
{"level":"warn","message":"Ruta GET /favicon.ico no implementada"}
{"level":"error","message":"error al traer los productos TypeError: Cannot read properties of undefined (reading 'getAll')"}
{"level":"warn","message":"Ruta GET /favicon.ico no implementada"}
{"level":"warn","message":"Ruta GET /favicon.ico no implementada"}
{"level":"warn","message":"Ruta GET /favicon.ico no implementada"}
{"level":"error","message":"Error en login de usuario"}
{"level":"warn","message":"Ruta GET /favicon.ico no implementada"}
{"level":"warn","message":"Ruta GET /favicon.ico no implementada"}
{"level":"error","message":"Error en login de usuario"}
{"level":"warn","message":"Ruta GET /favicon.ico no implementada"}
{"level":"warn","message":"Ruta GET /favicon.ico no implementada"}
{"level":"error","message":"Error en login de usuario"}
{"level":"warn","message":"Ruta GET /favicon.ico no implementada"}
{"level":"warn","message":"Ruta GET /favicon.ico no implementada"}
{"level":"warn","message":"Ruta GET /favicon.ico no implementada"}
{"level":"warn","message":"Ruta GET /favicon.ico no implementada"}
{"level":"warn","message":"Ruta GET /favicon.ico no implementada"}
