{"level":"error","message":"Error en login de usuario"}
{"level":"error","message":"error al traer los productos ReferenceError: containerFS is not defined"}
{"level":"error","message":"error al traer los productos TypeError: Cannot read properties of undefined (reading 'getAll')"}
{"level":"error","message":"error al traer los productos TypeError: Cannot read properties of undefined (reading 'getAll')"}
{"level":"error","message":"error al traer los productos TypeError: Cannot read properties of undefined (reading 'getAll')"}
{"level":"error","message":"error al traer los productos TypeError: Cannot read properties of undefined (reading 'getAll')"}
{"level":"error","message":"error al traer los productos TypeError: Cannot read properties of undefined (reading 'getAll')"}
{"level":"error","message":"error al traer los productos TypeError: Cannot read properties of undefined (reading 'getAll')"}
{"level":"error","message":"error al traer los productos TypeError: Cannot read properties of undefined (reading 'getAll')"}
{"level":"error","message":"error al traer los productos TypeError: Cannot read properties of undefined (reading 'getAll')"}
{"level":"error","message":"error al traer los productos TypeError: Cannot read properties of undefined (reading 'getAll')"}
{"level":"error","message":"Error en login de usuario"}
{"level":"error","message":"error al traer los productos TypeError: Cannot read properties of undefined (reading 'getAll')"}
{"level":"error","message":"error al traer los productos TypeError: Cannot read properties of undefined (reading 'getAll')"}
{"level":"error","message":"error al traer los productos TypeError: Cannot read properties of undefined (reading 'getAll')"}
{"level":"error","message":"Error al guardar en mongo TypeError: this.models[collection].save is not a function"}
{"level":"error","message":"Error en registro de usuario"}
{"level":"error","message":"error al traer los productos TypeError: Cannot read properties of undefined (reading 'getAll')"}
{"level":"error","message":"error al traer los productos TypeError: Cannot read properties of undefined (reading 'getAll')"}
{"level":"error","message":"error al traer los productos TypeError: Cannot read properties of undefined (reading 'getAll')"}
{"level":"error","message":"Error en login de usuario"}
{"level":"error","message":"error al traer los productos TypeError: Cannot read properties of undefined (reading 'getAll')"}
{"level":"error","message":"error al traer los productos TypeError: Cannot read properties of undefined (reading 'getAll')"}
{"level":"error","message":"error al traer los productos TypeError: Cannot read properties of undefined (reading 'getAll')"}
{"level":"error","message":"error al traer los productos TypeError: Cannot read properties of undefined (reading 'getAll')"}
{"level":"error","message":"error al traer los productos TypeError: Cannot read properties of undefined (reading 'getAll')"}
{"level":"error","message":"error al traer los productos TypeError: Cannot read properties of undefined (reading 'getAll')"}
{"level":"error","message":"error al traer los productos TypeError: Cannot read properties of undefined (reading 'getAll')"}
{"level":"error","message":"error al traer los productos TypeError: Cannot read properties of undefined (reading 'getAll')"}
{"level":"error","message":"error al traer los productos TypeError: Cannot read properties of undefined (reading 'getAll')"}
{"level":"error","message":"error al traer los productos TypeError: Cannot read properties of undefined (reading 'getAll')"}
{"level":"error","message":"error al traer los productos TypeError: Cannot read properties of undefined (reading 'getAll')"}
{"level":"error","message":"error al traer los productos TypeError: Cannot read properties of undefined (reading 'getAll')"}
{"level":"error","message":"error al traer los productos TypeError: Cannot read properties of undefined (reading 'getAll')"}
{"level":"error","message":"error al traer los productos TypeError: Cannot read properties of undefined (reading 'getAll')"}
{"level":"error","message":"error al traer los productos TypeError: Cannot read properties of undefined (reading 'getAll')"}
{"level":"error","message":"error al traer los productos TypeError: Cannot read properties of undefined (reading 'getAll')"}
{"level":"error","message":"error al traer los productos TypeError: Cannot read properties of undefined (reading 'getAll')"}
{"level":"error","message":"error al traer los productos TypeError: Cannot read properties of undefined (reading 'getAll')"}
{"level":"error","message":"error al traer los productos TypeError: Cannot read properties of undefined (reading 'getAll')"}
{"level":"error","message":"error al traer los productos TypeError: Cannot read properties of undefined (reading 'getAll')"}
{"level":"error","message":"error al traer los productos TypeError: Cannot read properties of undefined (reading 'getAll')"}
{"level":"error","message":"error al traer los productos TypeError: Cannot read properties of undefined (reading 'getAll')"}
{"level":"error","message":"error al traer los productos TypeError: Cannot read properties of undefined (reading 'getAll')"}
{"level":"error","message":"error al traer los productos TypeError: Cannot read properties of undefined (reading 'getAll')"}
{"level":"error","message":"error al traer los productos TypeError: Cannot read properties of undefined (reading 'getAll')"}
{"level":"error","message":"error al traer los productos TypeError: Cannot read properties of undefined (reading 'getAll')"}
{"level":"error","message":"error al traer los productos TypeError: Cannot read properties of undefined (reading 'getAll')"}
{"level":"error","message":"error al traer los productos TypeError: Cannot read properties of undefined (reading 'getAll')"}
{"level":"error","message":"error al traer los productos TypeError: Cannot read properties of undefined (reading 'getAll')"}
{"level":"error","message":"error al traer los productos TypeError: Cannot read properties of undefined (reading 'getAll')"}
{"level":"error","message":"error al traer los productos TypeError: Cannot read properties of undefined (reading 'getAll')"}
{"level":"error","message":"error al traer los productos TypeError: Cannot read properties of undefined (reading 'getAll')"}
{"level":"error","message":"error al traer los productos TypeError: Cannot read properties of undefined (reading 'getAll')"}
{"level":"error","message":"error al traer los productos TypeError: Cannot read properties of undefined (reading 'getAll')"}
{"level":"error","message":"error al traer los productos TypeError: Cannot read properties of undefined (reading 'getAll')"}
{"level":"error","message":"Error al guardar en mongo ValidationError: author.0._id: Path `_id` is required."}
{"level":"error","message":"error al traer los productos TypeError: Cannot read properties of undefined (reading 'getAll')"}
{"level":"error","message":"error al traer los productos TypeError: Cannot read properties of undefined (reading 'getAll')"}
{"level":"error","message":"error al traer los productos TypeError: Cannot read properties of undefined (reading 'getAll')"}
{"level":"error","message":"Error al guardar en mongo ValidationError: author.0._id: Path `_id` is required."}
{"level":"error","message":"error al traer los productos TypeError: Cannot read properties of undefined (reading 'getAll')"}
{"level":"error","message":"error al traer los productos TypeError: Cannot read properties of undefined (reading 'getAll')"}
{"level":"error","message":"Error al guardar en mongo ValidationError: author.0._id: Path `_id` is required."}
{"level":"error","message":"error al traer los productos TypeError: Cannot read properties of undefined (reading 'getAll')"}
{"level":"error","message":"error al traer los productos TypeError: Cannot read properties of undefined (reading 'getAll')"}
{"level":"error","message":"Error al guardar en mongo ValidationError: author.0._id: Path `_id` is required."}
{"level":"error","message":"error al traer los productos TypeError: Cannot read properties of undefined (reading 'getAll')"}
{"level":"error","message":"error al traer los productos TypeError: Cannot read properties of undefined (reading 'getAll')"}
{"level":"error","message":"Error al guardar en mongo ValidationError: author.0._id: Path `_id` is required."}
{"level":"error","message":"error al traer los productos TypeError: Cannot read properties of undefined (reading 'getAll')"}
{"level":"error","message":"error al traer los productos TypeError: Cannot read properties of undefined (reading 'getAll')"}
{"level":"error","message":"Error al guardar en mongo ValidationError: author.0._id: Path `_id` is required."}
{"level":"error","message":"error al traer los productos TypeError: Cannot read properties of undefined (reading 'getAll')"}
{"level":"error","message":"error al traer los productos TypeError: Cannot read properties of undefined (reading 'getAll')"}
{"level":"error","message":"Error al guardar en mongo ValidationError: author.0._id: Path `_id` is required."}
{"level":"error","message":"error al traer los productos TypeError: Cannot read properties of undefined (reading 'getAll')"}
{"level":"error","message":"error al traer los productos TypeError: Cannot read properties of undefined (reading 'getAll')"}
{"level":"error","message":"Error al guardar en mongo MongoServerError: E11000 duplicate key error collection: ecommerce.messages index: _id_ dup key: { _id: 1 }"}
{"level":"error","message":"error al traer los productos TypeError: Cannot read properties of undefined (reading 'getAll')"}
{"level":"error","message":"error al traer los productos TypeError: Cannot read properties of undefined (reading 'getAll')"}
{"level":"error","message":"error al traer los productos TypeError: Cannot read properties of undefined (reading 'getAll')"}
{"level":"error","message":"error al traer los productos TypeError: Cannot read properties of undefined (reading 'getAll')"}
{"level":"error","message":"error al traer los productos TypeError: Cannot read properties of undefined (reading 'getAll')"}
{"level":"error","message":"error al traer los productos TypeError: Cannot read properties of undefined (reading 'getAll')"}
{"level":"error","message":"error al traer los productos TypeError: Cannot read properties of undefined (reading 'getAll')"}
{"level":"error","message":"error al traer los productos TypeError: Cannot read properties of undefined (reading 'getAll')"}
{"level":"error","message":"error al traer los productos TypeError: Cannot read properties of undefined (reading 'getAll')"}
{"level":"error","message":"error al traer los productos TypeError: Cannot read properties of undefined (reading 'getAll')"}
{"level":"error","message":"error al traer los productos TypeError: Cannot read properties of undefined (reading 'getAll')"}
{"level":"error","message":"error al traer los productos TypeError: Cannot read properties of undefined (reading 'getAll')"}
{"level":"error","message":"error al traer los productos TypeError: Cannot read properties of undefined (reading 'getAll')"}
{"level":"error","message":"error al traer los productos TypeError: Cannot read properties of undefined (reading 'getAll')"}
{"level":"error","message":"error al traer los productos TypeError: Cannot read properties of undefined (reading 'getAll')"}
{"level":"error","message":"error al traer los productos TypeError: Cannot read properties of undefined (reading 'getAll')"}
{"level":"error","message":"error al traer los productos TypeError: Cannot read properties of undefined (reading 'getAll')"}
{"level":"error","message":"error al traer los productos TypeError: Cannot read properties of undefined (reading 'getAll')"}
{"level":"error","message":"error al traer los productos TypeError: Cannot read properties of undefined (reading 'getAll')"}
{"level":"error","message":"error al traer los productos TypeError: Cannot read properties of undefined (reading 'getAll')"}
{"level":"error","message":"error al traer los productos TypeError: Cannot read properties of undefined (reading 'getAll')"}
{"level":"error","message":"error al traer los productos TypeError: Cannot read properties of undefined (reading 'getAll')"}
{"level":"error","message":"error al traer los productos TypeError: Cannot read properties of undefined (reading 'getAll')"}
{"level":"error","message":"error al traer los productos TypeError: Cannot read properties of undefined (reading 'getAll')"}
{"level":"error","message":"error al traer los productos TypeError: Cannot read properties of undefined (reading 'getAll')"}
{"level":"error","message":"error al traer los productos TypeError: Cannot read properties of undefined (reading 'getAll')"}
{"level":"error","message":"error al traer los productos TypeError: Cannot read properties of undefined (reading 'getAll')"}
{"level":"error","message":"error al traer los productos TypeError: Cannot read properties of undefined (reading 'getAll')"}
{"level":"error","message":"error al traer los productos TypeError: Cannot read properties of undefined (reading 'getAll')"}
{"level":"error","message":"error al traer los productos TypeError: Cannot read properties of undefined (reading 'getAll')"}
{"level":"error","message":"Error en login de usuario"}
{"level":"error","message":"Error en login de usuario"}
{"level":"error","message":"Error en login de usuario"}
{"level":"error","message":"Error al traer los productos Error: connect ECONNREFUSED 127.0.0.1:8080"}
{"level":"error","message":"Error al traer los productos AxiosError: Request failed with status code 500"}
{"level":"error","message":"Error al traer los productos AxiosError: Request failed with status code 500"}
{"level":"error","message":"error al borrar producto AxiosError: Request failed with status code 500"}
{"level":"error","message":"Error al borrar los productos AxiosError: Request failed with status code 500"}
{"level":"error","message":"Error al borrar los productos AxiosError: Request failed with status code 500"}
{"level":"error","message":"Error al crear los productos Error: connect ECONNREFUSED 127.0.0.1:8080"}
{"level":"error","message":"error al borrar producto Error: connect ECONNREFUSED 127.0.0.1:8080"}
{"level":"error","message":"Error al guardar en mongo ValidationError: mail: Path `mail` is required."}
{"level":"error","message":"Error al guardar en mongo ValidationError: author.0.id: Path `id` is required."}
