{"level":"warn","message":"Ruta GET /css/styles.css no implementada"}
{"level":"warn","message":"Ruta GET /index.js no implementada"}
{"level":"warn","message":"Ruta GET /css/styles.css no implementada"}
{"level":"warn","message":"Ruta GET /index.js no implementada"}
{"level":"warn","message":"Ruta GET /css/styles.css no implementada"}
{"level":"warn","message":"Ruta GET /index.js no implementada"}
{"level":"warn","message":"Ruta GET /css/styles.css no implementada"}
{"level":"warn","message":"Ruta GET /index.js no implementada"}
{"level":"error","message":"Error en login de usuario"}
{"level":"error","message":"error al traer los productos ReferenceError: containerFS is not defined"}
{"level":"warn","message":"Ruta GET /favicon.ico no implementada"}
{"level":"error","message":"error al traer los productos TypeError: Cannot read properties of undefined (reading 'getAll')"}
{"level":"warn","message":"Ruta GET /favicon.ico no implementada"}
{"level":"error","message":"error al traer los productos TypeError: Cannot read properties of undefined (reading 'getAll')"}
{"level":"warn","message":"Ruta GET /favicon.ico no implementada"}
{"level":"error","message":"error al traer los productos TypeError: Cannot read properties of undefined (reading 'getAll')"}
{"level":"warn","message":"Ruta GET /favicon.ico no implementada"}
{"level":"error","message":"error al traer los productos TypeError: Cannot read properties of undefined (reading 'getAll')"}
{"level":"warn","message":"Ruta GET /favicon.ico no implementada"}
{"level":"error","message":"error al traer los productos TypeError: Cannot read properties of undefined (reading 'getAll')"}
{"level":"warn","message":"Ruta GET /favicon.ico no implementada"}
{"level":"error","message":"error al traer los productos TypeError: Cannot read properties of undefined (reading 'getAll')"}
{"level":"warn","message":"Ruta GET /favicon.ico no implementada"}
{"level":"error","message":"error al traer los productos TypeError: Cannot read properties of undefined (reading 'getAll')"}
{"level":"warn","message":"Ruta GET /favicon.ico no implementada"}
{"level":"error","message":"error al traer los productos TypeError: Cannot read properties of undefined (reading 'getAll')"}
{"level":"warn","message":"Ruta GET /favicon.ico no implementada"}
{"level":"error","message":"error al traer los productos TypeError: Cannot read properties of undefined (reading 'getAll')"}
{"level":"warn","message":"Ruta GET /favicon.ico no implementada"}
{"level":"error","message":"Error en login de usuario"}
{"level":"error","message":"error al traer los productos TypeError: Cannot read properties of undefined (reading 'getAll')"}
{"level":"warn","message":"Ruta GET /favicon.ico no implementada"}
{"level":"error","message":"error al traer los productos TypeError: Cannot read properties of undefined (reading 'getAll')"}
{"level":"warn","message":"Ruta GET /favicon.ico no implementada"}
{"level":"error","message":"error al traer los productos TypeError: Cannot read properties of undefined (reading 'getAll')"}
{"level":"warn","message":"Ruta GET /favicon.ico no implementada"}
{"level":"error","message":"Error al guardar en mongo TypeError: this.models[collection].save is not a function"}
{"level":"error","message":"Error en registro de usuario"}
{"level":"error","message":"error al traer los productos TypeError: Cannot read properties of undefined (reading 'getAll')"}
{"level":"warn","message":"Ruta GET /favicon.ico no implementada"}
{"level":"error","message":"error al traer los productos TypeError: Cannot read properties of undefined (reading 'getAll')"}
{"level":"warn","message":"Ruta GET /favicon.ico no implementada"}
{"level":"error","message":"error al traer los productos TypeError: Cannot read properties of undefined (reading 'getAll')"}
{"level":"warn","message":"Ruta GET /favicon.ico no implementada"}
{"level":"error","message":"Error en login de usuario"}
{"level":"error","message":"error al traer los productos TypeError: Cannot read properties of undefined (reading 'getAll')"}
{"level":"warn","message":"Ruta GET /favicon.ico no implementada"}
{"level":"error","message":"error al traer los productos TypeError: Cannot read properties of undefined (reading 'getAll')"}
{"level":"warn","message":"Ruta GET /favicon.ico no implementada"}
{"level":"error","message":"error al traer los productos TypeError: Cannot read properties of undefined (reading 'getAll')"}
{"level":"warn","message":"Ruta GET /favicon.ico no implementada"}
{"level":"error","message":"error al traer los productos TypeError: Cannot read properties of undefined (reading 'getAll')"}
{"level":"warn","message":"Ruta GET /favicon.ico no implementada"}
{"level":"error","message":"error al traer los productos TypeError: Cannot read properties of undefined (reading 'getAll')"}
{"level":"warn","message":"Ruta GET /favicon.ico no implementada"}
{"level":"error","message":"error al traer los productos TypeError: Cannot read properties of undefined (reading 'getAll')"}
{"level":"warn","message":"Ruta GET /favicon.ico no implementada"}
{"level":"error","message":"error al traer los productos TypeError: Cannot read properties of undefined (reading 'getAll')"}
{"level":"warn","message":"Ruta GET /favicon.ico no implementada"}
{"level":"error","message":"error al traer los productos TypeError: Cannot read properties of undefined (reading 'getAll')"}
{"level":"warn","message":"Ruta GET /favicon.ico no implementada"}
{"level":"error","message":"error al traer los productos TypeError: Cannot read properties of undefined (reading 'getAll')"}
{"level":"warn","message":"Ruta GET /favicon.ico no implementada"}
{"level":"error","message":"error al traer los productos TypeError: Cannot read properties of undefined (reading 'getAll')"}
{"level":"warn","message":"Ruta GET /favicon.ico no implementada"}
{"level":"error","message":"error al traer los productos TypeError: Cannot read properties of undefined (reading 'getAll')"}
{"level":"warn","message":"Ruta GET /favicon.ico no implementada"}
{"level":"error","message":"error al traer los productos TypeError: Cannot read properties of undefined (reading 'getAll')"}
{"level":"warn","message":"Ruta GET /favicon.ico no implementada"}
{"level":"error","message":"error al traer los productos TypeError: Cannot read properties of undefined (reading 'getAll')"}
{"level":"warn","message":"Ruta GET /favicon.ico no implementada"}
{"level":"error","message":"error al traer los productos TypeError: Cannot read properties of undefined (reading 'getAll')"}
{"level":"warn","message":"Ruta GET /favicon.ico no implementada"}
{"level":"error","message":"error al traer los productos TypeError: Cannot read properties of undefined (reading 'getAll')"}
{"level":"warn","message":"Ruta GET /favicon.ico no implementada"}
{"level":"error","message":"error al traer los productos TypeError: Cannot read properties of undefined (reading 'getAll')"}
{"level":"warn","message":"Ruta GET /favicon.ico no implementada"}
{"level":"error","message":"error al traer los productos TypeError: Cannot read properties of undefined (reading 'getAll')"}
{"level":"warn","message":"Ruta GET /favicon.ico no implementada"}
{"level":"error","message":"error al traer los productos TypeError: Cannot read properties of undefined (reading 'getAll')"}
{"level":"warn","message":"Ruta GET /favicon.ico no implementada"}
{"level":"error","message":"error al traer los productos TypeError: Cannot read properties of undefined (reading 'getAll')"}
{"level":"warn","message":"Ruta GET /favicon.ico no implementada"}
{"level":"error","message":"error al traer los productos TypeError: Cannot read properties of undefined (reading 'getAll')"}
{"level":"warn","message":"Ruta GET /favicon.ico no implementada"}
{"level":"error","message":"error al traer los productos TypeError: Cannot read properties of undefined (reading 'getAll')"}
{"level":"warn","message":"Ruta GET /favicon.ico no implementada"}
{"level":"error","message":"error al traer los productos TypeError: Cannot read properties of undefined (reading 'getAll')"}
{"level":"warn","message":"Ruta GET /favicon.ico no implementada"}
{"level":"error","message":"error al traer los productos TypeError: Cannot read properties of undefined (reading 'getAll')"}
{"level":"warn","message":"Ruta GET /favicon.ico no implementada"}
{"level":"error","message":"error al traer los productos TypeError: Cannot read properties of undefined (reading 'getAll')"}
{"level":"warn","message":"Ruta GET /favicon.ico no implementada"}
{"level":"error","message":"error al traer los productos TypeError: Cannot read properties of undefined (reading 'getAll')"}
{"level":"warn","message":"Ruta GET /favicon.ico no implementada"}
{"level":"error","message":"error al traer los productos TypeError: Cannot read properties of undefined (reading 'getAll')"}
{"level":"warn","message":"Ruta GET /favicon.ico no implementada"}
{"level":"error","message":"error al traer los productos TypeError: Cannot read properties of undefined (reading 'getAll')"}
{"level":"warn","message":"Ruta GET /favicon.ico no implementada"}
{"level":"error","message":"error al traer los productos TypeError: Cannot read properties of undefined (reading 'getAll')"}
{"level":"warn","message":"Ruta GET /favicon.ico no implementada"}
{"level":"error","message":"error al traer los productos TypeError: Cannot read properties of undefined (reading 'getAll')"}
{"level":"warn","message":"Ruta GET /favicon.ico no implementada"}
{"level":"error","message":"error al traer los productos TypeError: Cannot read properties of undefined (reading 'getAll')"}
{"level":"warn","message":"Ruta GET /favicon.ico no implementada"}
{"level":"error","message":"error al traer los productos TypeError: Cannot read properties of undefined (reading 'getAll')"}
{"level":"warn","message":"Ruta GET /favicon.ico no implementada"}
{"level":"error","message":"error al traer los productos TypeError: Cannot read properties of undefined (reading 'getAll')"}
{"level":"warn","message":"Ruta GET /favicon.ico no implementada"}
{"level":"error","message":"error al traer los productos TypeError: Cannot read properties of undefined (reading 'getAll')"}
{"level":"warn","message":"Ruta GET /favicon.ico no implementada"}
{"level":"error","message":"error al traer los productos TypeError: Cannot read properties of undefined (reading 'getAll')"}
{"level":"warn","message":"Ruta GET /favicon.ico no implementada"}
{"level":"error","message":"error al traer los productos TypeError: Cannot read properties of undefined (reading 'getAll')"}
{"level":"warn","message":"Ruta GET /favicon.ico no implementada"}
{"level":"error","message":"Error al guardar en mongo ValidationError: author.0._id: Path `_id` is required."}
{"level":"error","message":"error al traer los productos TypeError: Cannot read properties of undefined (reading 'getAll')"}
{"level":"warn","message":"Ruta GET /favicon.ico no implementada"}
{"level":"error","message":"error al traer los productos TypeError: Cannot read properties of undefined (reading 'getAll')"}
{"level":"warn","message":"Ruta GET /favicon.ico no implementada"}
{"level":"error","message":"error al traer los productos TypeError: Cannot read properties of undefined (reading 'getAll')"}
{"level":"warn","message":"Ruta GET /favicon.ico no implementada"}
{"level":"error","message":"Error al guardar en mongo ValidationError: author.0._id: Path `_id` is required."}
{"level":"error","message":"error al traer los productos TypeError: Cannot read properties of undefined (reading 'getAll')"}
{"level":"warn","message":"Ruta GET /favicon.ico no implementada"}
{"level":"error","message":"error al traer los productos TypeError: Cannot read properties of undefined (reading 'getAll')"}
{"level":"warn","message":"Ruta GET /favicon.ico no implementada"}
{"level":"error","message":"Error al guardar en mongo ValidationError: author.0._id: Path `_id` is required."}
{"level":"error","message":"error al traer los productos TypeError: Cannot read properties of undefined (reading 'getAll')"}
{"level":"warn","message":"Ruta GET /favicon.ico no implementada"}
{"level":"error","message":"error al traer los productos TypeError: Cannot read properties of undefined (reading 'getAll')"}
{"level":"warn","message":"Ruta GET /favicon.ico no implementada"}
{"level":"error","message":"Error al guardar en mongo ValidationError: author.0._id: Path `_id` is required."}
{"level":"error","message":"error al traer los productos TypeError: Cannot read properties of undefined (reading 'getAll')"}
{"level":"warn","message":"Ruta GET /favicon.ico no implementada"}
{"level":"warn","message":"Ruta GET /favicon.ico no implementada"}
{"level":"error","message":"error al traer los productos TypeError: Cannot read properties of undefined (reading 'getAll')"}
{"level":"error","message":"Error al guardar en mongo ValidationError: author.0._id: Path `_id` is required."}
{"level":"error","message":"error al traer los productos TypeError: Cannot read properties of undefined (reading 'getAll')"}
{"level":"warn","message":"Ruta GET /favicon.ico no implementada"}
{"level":"error","message":"error al traer los productos TypeError: Cannot read properties of undefined (reading 'getAll')"}
{"level":"warn","message":"Ruta GET /favicon.ico no implementada"}
{"level":"error","message":"Error al guardar en mongo ValidationError: author.0._id: Path `_id` is required."}
{"level":"error","message":"error al traer los productos TypeError: Cannot read properties of undefined (reading 'getAll')"}
{"level":"warn","message":"Ruta GET /favicon.ico no implementada"}
{"level":"error","message":"error al traer los productos TypeError: Cannot read properties of undefined (reading 'getAll')"}
{"level":"warn","message":"Ruta GET /favicon.ico no implementada"}
{"level":"error","message":"Error al guardar en mongo ValidationError: author.0._id: Path `_id` is required."}
{"level":"error","message":"error al traer los productos TypeError: Cannot read properties of undefined (reading 'getAll')"}
{"level":"warn","message":"Ruta GET /favicon.ico no implementada"}
{"level":"error","message":"error al traer los productos TypeError: Cannot read properties of undefined (reading 'getAll')"}
{"level":"warn","message":"Ruta GET /favicon.ico no implementada"}
{"level":"error","message":"Error al guardar en mongo MongoServerError: E11000 duplicate key error collection: ecommerce.messages index: _id_ dup key: { _id: 1 }"}
{"level":"error","message":"error al traer los productos TypeError: Cannot read properties of undefined (reading 'getAll')"}
{"level":"warn","message":"Ruta GET /favicon.ico no implementada"}
{"level":"error","message":"error al traer los productos TypeError: Cannot read properties of undefined (reading 'getAll')"}
{"level":"error","message":"error al traer los productos TypeError: Cannot read properties of undefined (reading 'getAll')"}
{"level":"warn","message":"Ruta GET /favicon.ico no implementada"}
{"level":"warn","message":"Ruta GET /favicon.ico no implementada"}
{"level":"error","message":"error al traer los productos TypeError: Cannot read properties of undefined (reading 'getAll')"}
{"level":"warn","message":"Ruta GET /favicon.ico no implementada"}
{"level":"warn","message":"Ruta GET /favicon.ico no implementada"}
{"level":"error","message":"error al traer los productos TypeError: Cannot read properties of undefined (reading 'getAll')"}
{"level":"warn","message":"Ruta GET /favicon.ico no implementada"}
{"level":"error","message":"error al traer los productos TypeError: Cannot read properties of undefined (reading 'getAll')"}
{"level":"warn","message":"Ruta GET /favicon.ico no implementada"}
{"level":"error","message":"error al traer los productos TypeError: Cannot read properties of undefined (reading 'getAll')"}
{"level":"warn","message":"Ruta GET /favicon.ico no implementada"}
{"level":"error","message":"error al traer los productos TypeError: Cannot read properties of undefined (reading 'getAll')"}
{"level":"warn","message":"Ruta GET /favicon.ico no implementada"}
{"level":"error","message":"error al traer los productos TypeError: Cannot read properties of undefined (reading 'getAll')"}
{"level":"warn","message":"Ruta GET /favicon.ico no implementada"}
{"level":"error","message":"error al traer los productos TypeError: Cannot read properties of undefined (reading 'getAll')"}
{"level":"warn","message":"Ruta GET /favicon.ico no implementada"}
{"level":"error","message":"error al traer los productos TypeError: Cannot read properties of undefined (reading 'getAll')"}
{"level":"warn","message":"Ruta GET /favicon.ico no implementada"}
{"level":"error","message":"error al traer los productos TypeError: Cannot read properties of undefined (reading 'getAll')"}
{"level":"warn","message":"Ruta GET /favicon.ico no implementada"}
{"level":"error","message":"error al traer los productos TypeError: Cannot read properties of undefined (reading 'getAll')"}
{"level":"warn","message":"Ruta GET /favicon.ico no implementada"}
{"level":"error","message":"error al traer los productos TypeError: Cannot read properties of undefined (reading 'getAll')"}
{"level":"warn","message":"Ruta GET /favicon.ico no implementada"}
{"level":"error","message":"error al traer los productos TypeError: Cannot read properties of undefined (reading 'getAll')"}
{"level":"warn","message":"Ruta GET /favicon.ico no implementada"}
{"level":"warn","message":"Ruta GET /favicon.ico no implementada"}
{"level":"error","message":"error al traer los productos TypeError: Cannot read properties of undefined (reading 'getAll')"}
{"level":"warn","message":"Ruta GET /favicon.ico no implementada"}
{"level":"error","message":"error al traer los productos TypeError: Cannot read properties of undefined (reading 'getAll')"}
{"level":"warn","message":"Ruta GET /favicon.ico no implementada"}
{"level":"error","message":"error al traer los productos TypeError: Cannot read properties of undefined (reading 'getAll')"}
{"level":"warn","message":"Ruta GET /favicon.ico no implementada"}
{"level":"error","message":"error al traer los productos TypeError: Cannot read properties of undefined (reading 'getAll')"}
{"level":"warn","message":"Ruta GET /favicon.ico no implementada"}
{"level":"error","message":"error al traer los productos TypeError: Cannot read properties of undefined (reading 'getAll')"}
{"level":"warn","message":"Ruta GET /favicon.ico no implementada"}
{"level":"error","message":"error al traer los productos TypeError: Cannot read properties of undefined (reading 'getAll')"}
{"level":"warn","message":"Ruta GET /favicon.ico no implementada"}
{"level":"error","message":"error al traer los productos TypeError: Cannot read properties of undefined (reading 'getAll')"}
{"level":"warn","message":"Ruta GET /favicon.ico no implementada"}
{"level":"error","message":"error al traer los productos TypeError: Cannot read properties of undefined (reading 'getAll')"}
{"level":"warn","message":"Ruta GET /favicon.ico no implementada"}
{"level":"error","message":"error al traer los productos TypeError: Cannot read properties of undefined (reading 'getAll')"}
{"level":"warn","message":"Ruta GET /favicon.ico no implementada"}
{"level":"error","message":"error al traer los productos TypeError: Cannot read properties of undefined (reading 'getAll')"}
{"level":"warn","message":"Ruta GET /favicon.ico no implementada"}
{"level":"error","message":"error al traer los productos TypeError: Cannot read properties of undefined (reading 'getAll')"}
{"level":"warn","message":"Ruta GET /favicon.ico no implementada"}
{"level":"error","message":"error al traer los productos TypeError: Cannot read properties of undefined (reading 'getAll')"}
{"level":"warn","message":"Ruta GET /favicon.ico no implementada"}
{"level":"error","message":"error al traer los productos TypeError: Cannot read properties of undefined (reading 'getAll')"}
{"level":"warn","message":"Ruta GET /favicon.ico no implementada"}
{"level":"error","message":"error al traer los productos TypeError: Cannot read properties of undefined (reading 'getAll')"}
{"level":"warn","message":"Ruta GET /favicon.ico no implementada"}
{"level":"error","message":"error al traer los productos TypeError: Cannot read properties of undefined (reading 'getAll')"}
{"level":"warn","message":"Ruta GET /favicon.ico no implementada"}
{"level":"warn","message":"Ruta GET /favicon.ico no implementada"}
{"level":"warn","message":"Ruta GET /favicon.ico no implementada"}
{"level":"error","message":"Error en login de usuario"}
{"level":"warn","message":"Ruta GET /favicon.ico no implementada"}
{"level":"warn","message":"Ruta GET /favicon.ico no implementada"}
{"level":"error","message":"Error en login de usuario"}
{"level":"warn","message":"Ruta GET /favicon.ico no implementada"}
{"level":"warn","message":"Ruta GET /favicon.ico no implementada"}
{"level":"error","message":"Error en login de usuario"}
{"level":"warn","message":"Ruta GET /favicon.ico no implementada"}
{"level":"warn","message":"Ruta GET /favicon.ico no implementada"}
{"level":"warn","message":"Ruta GET /favicon.ico no implementada"}
{"level":"warn","message":"Ruta GET /favicon.ico no implementada"}
{"level":"warn","message":"Ruta GET /favicon.ico no implementada"}
{"level":"error","message":"Error al traer los productos Error: connect ECONNREFUSED 127.0.0.1:8080"}
{"level":"error","message":"Error al traer los productos AxiosError: Request failed with status code 500"}
{"level":"error","message":"Error al traer los productos AxiosError: Request failed with status code 500"}
{"level":"error","message":"error al borrar producto AxiosError: Request failed with status code 500"}
{"level":"warn","message":"Ruta PUT /api/productos-test no implementada"}
{"level":"error","message":"Error al borrar los productos AxiosError: Request failed with status code 500"}
{"level":"error","message":"Error al borrar los productos AxiosError: Request failed with status code 500"}
{"level":"error","message":"Error al crear los productos Error: connect ECONNREFUSED 127.0.0.1:8080"}
{"level":"error","message":"error al borrar producto Error: connect ECONNREFUSED 127.0.0.1:8080"}
{"level":"warn","message":"Ruta GET /api/products-test no implementada"}
{"level":"warn","message":"Ruta POST /api/products-test no implementada"}
{"level":"warn","message":"Ruta PUT /api/products-test/5 no implementada"}
{"level":"warn","message":"Ruta DELETE /api/products-test/2 no implementada"}
{"level":"warn","message":"Ruta DELETE /api/products-test no implementada"}
{"level":"warn","message":"Ruta GET /api/products-test no implementada"}
{"level":"warn","message":"Ruta POST /api/products-test no implementada"}
{"level":"warn","message":"Ruta PUT /api/products-test/5 no implementada"}
{"level":"warn","message":"Ruta DELETE /api/products-test/2 no implementada"}
{"level":"warn","message":"Ruta DELETE /api/products-test no implementada"}
{"level":"warn","message":"Ruta GET /api/products-test no implementada"}
{"level":"warn","message":"Ruta POST /api/products-test no implementada"}
{"level":"warn","message":"Ruta PUT /api/products-test/5 no implementada"}
{"level":"warn","message":"Ruta DELETE /api/products-test/2 no implementada"}
{"level":"warn","message":"Ruta DELETE /api/products-test no implementada"}
{"level":"warn","message":"Ruta GET /api/products-test no implementada"}
{"level":"warn","message":"Ruta POST /api/products-test no implementada"}
{"level":"warn","message":"Ruta PUT /api/products-test/5 no implementada"}
{"level":"warn","message":"Ruta DELETE /api/products-test/2 no implementada"}
{"level":"warn","message":"Ruta DELETE /api/products-test no implementada"}
{"level":"warn","message":"Ruta GET /api/products-test no implementada"}
{"level":"warn","message":"Ruta POST /api/products-test no implementada"}
{"level":"warn","message":"Ruta PUT /api/products-test/5 no implementada"}
{"level":"warn","message":"Ruta DELETE /api/products-test/2 no implementada"}
{"level":"warn","message":"Ruta DELETE /api/products-test no implementada"}
{"level":"warn","message":"Ruta GET /api/products-test no implementada"}
{"level":"warn","message":"Ruta POST /api/products-test no implementada"}
{"level":"warn","message":"Ruta PUT /api/products-test/5 no implementada"}
{"level":"warn","message":"Ruta DELETE /api/products-test/2 no implementada"}
{"level":"warn","message":"Ruta DELETE /api/products-test no implementada"}
{"level":"warn","message":"Ruta GET /api/products-test no implementada"}
{"level":"warn","message":"Ruta POST /api/products-test no implementada"}
{"level":"warn","message":"Ruta PUT /api/products-test/5 no implementada"}
{"level":"warn","message":"Ruta DELETE /api/products-test/2 no implementada"}
{"level":"warn","message":"Ruta DELETE /api/products-test no implementada"}
{"level":"warn","message":"Ruta GET /api/products-test no implementada"}
{"level":"warn","message":"Ruta POST /api/products-test no implementada"}
{"level":"warn","message":"Ruta PUT /api/products-test/5 no implementada"}
{"level":"warn","message":"Ruta DELETE /api/products-test/2 no implementada"}
{"level":"warn","message":"Ruta DELETE /api/products-test no implementada"}
{"level":"warn","message":"Ruta GET /api/products-test no implementada"}
{"level":"warn","message":"Ruta POST /api/products-test no implementada"}
{"level":"warn","message":"Ruta PUT /api/products-test/5 no implementada"}
{"level":"warn","message":"Ruta DELETE /api/products-test/2 no implementada"}
{"level":"warn","message":"Ruta DELETE /api/products-test no implementada"}
{"level":"warn","message":"Ruta GET /api/products-test no implementada"}
{"level":"warn","message":"Ruta POST /api/products-test no implementada"}
{"level":"warn","message":"Ruta PUT /api/products-test/5 no implementada"}
{"level":"warn","message":"Ruta DELETE /api/products-test/2 no implementada"}
{"level":"warn","message":"Ruta DELETE /api/products-test no implementada"}
{"level":"warn","message":"Ruta GET /api/products-test no implementada"}
{"level":"warn","message":"Ruta POST /api/products-test no implementada"}
{"level":"warn","message":"Ruta PUT /api/products-test/5 no implementada"}
{"level":"warn","message":"Ruta DELETE /api/products-test/2 no implementada"}
{"level":"warn","message":"Ruta DELETE /api/products-test no implementada"}
{"level":"warn","message":"Ruta GET /api/products-test no implementada"}
{"level":"warn","message":"Ruta POST /api/products-test no implementada"}
{"level":"warn","message":"Ruta PUT /api/products-test/5 no implementada"}
{"level":"warn","message":"Ruta DELETE /api/products-test/2 no implementada"}
{"level":"warn","message":"Ruta DELETE /api/products-test no implementada"}
{"level":"error","message":"Error al guardar en mongo ValidationError: mail: Path `mail` is required."}
{"level":"warn","message":"Ruta POST / no implementada"}
{"level":"warn","message":"Ruta POST / no implementada"}
{"level":"warn","message":"Ruta GET /favicon.ico no implementada"}
{"level":"warn","message":"Ruta GET /favicon.ico no implementada"}
{"level":"warn","message":"Ruta GET /api/productos no implementada"}
{"level":"warn","message":"Ruta GET /favicon.ico no implementada"}
{"level":"warn","message":"Ruta GET /api/productos no implementada"}
{"level":"warn","message":"Ruta GET /favicon.ico no implementada"}
{"level":"warn","message":"Ruta GET /favicon.ico no implementada"}
{"level":"warn","message":"Ruta GET /favicon.ico no implementada"}
{"level":"warn","message":"Ruta GET /favicon.ico no implementada"}
{"level":"warn","message":"Ruta GET /favicon.ico no implementada"}
{"level":"warn","message":"Ruta GET /favicon.ico no implementada"}
{"level":"warn","message":"Ruta GET /favicon.ico no implementada"}
{"level":"warn","message":"Ruta GET /favicon.ico no implementada"}
{"level":"warn","message":"Ruta GET /favicon.ico no implementada"}
{"level":"warn","message":"Ruta GET /favicon.ico no implementada"}
{"level":"warn","message":"Ruta GET /favicon.ico no implementada"}
{"level":"warn","message":"Ruta GET /favicon.ico no implementada"}
{"level":"warn","message":"Ruta GET /favicon.ico no implementada"}
{"level":"warn","message":"Ruta GET /favicon.ico no implementada"}
{"level":"warn","message":"Ruta GET /favicon.ico no implementada"}
{"level":"warn","message":"Ruta GET /favicon.ico no implementada"}
{"level":"warn","message":"Ruta GET /favicon.ico no implementada"}
{"level":"warn","message":"Ruta GET /favicon.ico no implementada"}
{"level":"warn","message":"Ruta GET /favicon.ico no implementada"}
{"level":"warn","message":"Ruta GET /favicon.ico no implementada"}
{"level":"warn","message":"Ruta GET /favicon.ico no implementada"}
{"level":"warn","message":"Ruta GET /favicon.ico no implementada"}
{"level":"warn","message":"Ruta GET /favicon.ico no implementada"}
{"level":"warn","message":"Ruta GET /favicon.ico no implementada"}
{"level":"warn","message":"Ruta GET /favicon.ico no implementada"}
{"level":"warn","message":"Ruta GET /favicon.ico no implementada"}
{"level":"warn","message":"Ruta GET /favicon.ico no implementada"}
{"level":"warn","message":"Ruta GET /favicon.ico no implementada"}
{"level":"warn","message":"Ruta GET /favicon.ico no implementada"}
{"level":"warn","message":"Ruta GET /favicon.ico no implementada"}
{"level":"warn","message":"Ruta GET /favicon.ico no implementada"}
{"level":"warn","message":"Ruta GET /favicon.ico no implementada"}
{"level":"warn","message":"Ruta GET /favicon.ico no implementada"}
{"level":"warn","message":"Ruta GET /favicon.ico no implementada"}
{"level":"warn","message":"Ruta GET /favicon.ico no implementada"}
{"level":"warn","message":"Ruta GET /favicon.ico no implementada"}
{"level":"warn","message":"Ruta GET /favicon.ico no implementada"}
{"level":"warn","message":"Ruta GET /favicon.ico no implementada"}
{"level":"warn","message":"Ruta GET /favicon.ico no implementada"}
{"level":"warn","message":"Ruta GET /favicon.ico no implementada"}
{"level":"warn","message":"Ruta GET /favicon.ico no implementada"}
{"level":"warn","message":"Ruta GET /favicon.ico no implementada"}
{"level":"warn","message":"Ruta GET /favicon.ico no implementada"}
{"level":"warn","message":"Ruta GET /favicon.ico no implementada"}
{"level":"warn","message":"Ruta GET /favicon.ico no implementada"}
{"level":"warn","message":"Ruta GET /favicon.ico no implementada"}
{"level":"warn","message":"Ruta GET /favicon.ico no implementada"}
{"level":"warn","message":"Ruta GET /favicon.ico no implementada"}
{"level":"warn","message":"Ruta GET /favicon.ico no implementada"}
{"level":"warn","message":"Ruta GET /favicon.ico no implementada"}
{"level":"warn","message":"Ruta GET /favicon.ico no implementada"}
{"level":"warn","message":"Ruta GET /favicon.ico no implementada"}
{"level":"warn","message":"Ruta GET /favicon.ico no implementada"}
{"level":"warn","message":"Ruta GET /favicon.ico no implementada"}
{"level":"warn","message":"Ruta GET /favicon.ico no implementada"}
{"level":"warn","message":"Ruta GET /favicon.ico no implementada"}
{"level":"warn","message":"Ruta GET /favicon.ico no implementada"}
{"level":"warn","message":"Ruta GET /favicon.ico no implementada"}
{"level":"warn","message":"Ruta GET /favicon.ico no implementada"}
{"level":"warn","message":"Ruta GET /favicon.ico no implementada"}
{"level":"warn","message":"Ruta GET /favicon.ico no implementada"}
{"level":"warn","message":"Ruta GET /favicon.ico no implementada"}
{"level":"warn","message":"Ruta GET /favicon.ico no implementada"}
{"level":"warn","message":"Ruta GET /favicon.ico no implementada"}
{"level":"warn","message":"Ruta GET /favicon.ico no implementada"}
{"level":"warn","message":"Ruta GET /favicon.ico no implementada"}
{"level":"warn","message":"Ruta GET /favicon.ico no implementada"}
{"level":"warn","message":"Ruta GET /favicon.ico no implementada"}
{"level":"warn","message":"Ruta GET /favicon.ico no implementada"}
{"level":"warn","message":"Ruta GET /favicon.ico no implementada"}
{"level":"warn","message":"Ruta GET /favicon.ico no implementada"}
{"level":"warn","message":"Ruta GET /favicon.ico no implementada"}
{"level":"warn","message":"Ruta GET /favicon.ico no implementada"}
{"level":"warn","message":"Ruta GET /favicon.ico no implementada"}
{"level":"warn","message":"Ruta GET /favicon.ico no implementada"}
{"level":"warn","message":"Ruta GET /favicon.ico no implementada"}
{"level":"warn","message":"Ruta GET /favicon.ico no implementada"}
{"level":"warn","message":"Ruta GET /favicon.ico no implementada"}
{"level":"warn","message":"Ruta GET /favicon.ico no implementada"}
{"level":"warn","message":"Ruta GET /favicon.ico no implementada"}
{"level":"warn","message":"Ruta GET /favicon.ico no implementada"}
{"level":"warn","message":"Ruta GET /favicon.ico no implementada"}
{"level":"warn","message":"Ruta GET /favicon.ico no implementada"}
{"level":"warn","message":"Ruta GET /favicon.ico no implementada"}
{"level":"warn","message":"Ruta GET /favicon.ico no implementada"}
{"level":"warn","message":"Ruta GET /favicon.ico no implementada"}
{"level":"warn","message":"Ruta GET /favicon.ico no implementada"}
{"level":"warn","message":"Ruta GET /favicon.ico no implementada"}
{"level":"warn","message":"Ruta GET /favicon.ico no implementada"}
{"level":"warn","message":"Ruta GET /favicon.ico no implementada"}
{"level":"warn","message":"Ruta GET /favicon.ico no implementada"}
{"level":"warn","message":"Ruta GET /favicon.ico no implementada"}
{"level":"warn","message":"Ruta GET /favicon.ico no implementada"}
{"level":"warn","message":"Ruta GET /favicon.ico no implementada"}
{"level":"warn","message":"Ruta GET /favicon.ico no implementada"}
{"level":"warn","message":"Ruta GET /favicon.ico no implementada"}
{"level":"warn","message":"Ruta GET /favicon.ico no implementada"}
{"level":"warn","message":"Ruta GET /favicon.ico no implementada"}
{"level":"warn","message":"Ruta GET /favicon.ico no implementada"}
{"level":"warn","message":"Ruta GET /favicon.ico no implementada"}
{"level":"warn","message":"Ruta GET /favicon.ico no implementada"}
{"level":"warn","message":"Ruta GET /favicon.ico no implementada"}
{"level":"warn","message":"Ruta GET /favicon.ico no implementada"}
{"level":"warn","message":"Ruta GET /favicon.ico no implementada"}
{"level":"warn","message":"Ruta GET /favicon.ico no implementada"}
{"level":"warn","message":"Ruta GET /favicon.ico no implementada"}
{"level":"warn","message":"Ruta GET /favicon.ico no implementada"}
{"level":"warn","message":"Ruta GET /favicon.ico no implementada"}
{"level":"warn","message":"Ruta GET /favicon.ico no implementada"}
{"level":"warn","message":"Ruta GET /favicon.ico no implementada"}
{"level":"warn","message":"Ruta GET /favicon.ico no implementada"}
{"level":"warn","message":"Ruta GET /favicon.ico no implementada"}
{"level":"warn","message":"Ruta GET /favicon.ico no implementada"}
{"level":"warn","message":"Ruta GET /favicon.ico no implementada"}
{"level":"warn","message":"Ruta GET /favicon.ico no implementada"}
{"level":"warn","message":"Ruta GET /favicon.ico no implementada"}
{"level":"warn","message":"Ruta GET /favicon.ico no implementada"}
{"level":"warn","message":"Ruta GET /favicon.ico no implementada"}
{"level":"warn","message":"Ruta GET /favicon.ico no implementada"}
{"level":"warn","message":"Ruta GET /favicon.ico no implementada"}
{"level":"warn","message":"Ruta GET /favicon.ico no implementada"}
{"level":"warn","message":"Ruta GET /favicon.ico no implementada"}
{"level":"warn","message":"Ruta GET /favicon.ico no implementada"}
{"level":"warn","message":"Ruta GET /favicon.ico no implementada"}
{"level":"warn","message":"Ruta GET /favicon.ico no implementada"}
{"level":"warn","message":"Ruta GET /favicon.ico no implementada"}
{"level":"warn","message":"Ruta GET /favicon.ico no implementada"}
{"level":"warn","message":"Ruta GET /favicon.ico no implementada"}
{"level":"warn","message":"Ruta GET /favicon.ico no implementada"}
{"level":"warn","message":"Ruta GET /favicon.ico no implementada"}
{"level":"warn","message":"Ruta GET /favicon.ico no implementada"}
{"level":"warn","message":"Ruta GET /favicon.ico no implementada"}
{"level":"warn","message":"Ruta GET /favicon.ico no implementada"}
{"level":"warn","message":"Ruta GET /favicon.ico no implementada"}
{"level":"warn","message":"Ruta GET /favicon.ico no implementada"}
{"level":"warn","message":"Ruta GET /favicon.ico no implementada"}
{"level":"warn","message":"Ruta GET /favicon.ico no implementada"}
{"level":"warn","message":"Ruta GET /favicon.ico no implementada"}
{"level":"warn","message":"Ruta GET /favicon.ico no implementada"}
{"level":"warn","message":"Ruta GET /favicon.ico no implementada"}
{"level":"warn","message":"Ruta GET /favicon.ico no implementada"}
{"level":"warn","message":"Ruta GET /favicon.ico no implementada"}
{"level":"warn","message":"Ruta GET /favicon.ico no implementada"}
{"level":"warn","message":"Ruta GET /favicon.ico no implementada"}
{"level":"warn","message":"Ruta GET /favicon.ico no implementada"}
{"level":"warn","message":"Ruta GET /favicon.ico no implementada"}
{"level":"warn","message":"Ruta GET /favicon.ico no implementada"}
{"level":"warn","message":"Ruta GET /favicon.ico no implementada"}
{"level":"warn","message":"Ruta GET /favicon.ico no implementada"}
{"level":"warn","message":"Ruta GET /favicon.ico no implementada"}
{"level":"warn","message":"Ruta GET /favicon.ico no implementada"}
{"level":"warn","message":"Ruta GET /favicon.ico no implementada"}
{"level":"warn","message":"Ruta GET /favicon.ico no implementada"}
{"level":"warn","message":"Ruta GET /favicon.ico no implementada"}
{"level":"warn","message":"Ruta GET /favicon.ico no implementada"}
{"level":"warn","message":"Ruta GET /favicon.ico no implementada"}
{"level":"warn","message":"Ruta GET /favicon.ico no implementada"}
{"level":"warn","message":"Ruta GET /favicon.ico no implementada"}
{"level":"warn","message":"Ruta GET /favicon.ico no implementada"}
{"level":"warn","message":"Ruta GET /favicon.ico no implementada"}
{"level":"warn","message":"Ruta GET /favicon.ico no implementada"}
{"level":"warn","message":"Ruta GET /favicon.ico no implementada"}
{"level":"warn","message":"Ruta GET /favicon.ico no implementada"}
{"level":"warn","message":"Ruta GET /favicon.ico no implementada"}
{"level":"warn","message":"Ruta GET /favicon.ico no implementada"}
{"level":"warn","message":"Ruta GET /favicon.ico no implementada"}
{"level":"warn","message":"Ruta GET /favicon.ico no implementada"}
{"level":"warn","message":"Ruta GET /favicon.ico no implementada"}
{"level":"warn","message":"Ruta GET /favicon.ico no implementada"}
{"level":"warn","message":"Ruta GET /favicon.ico no implementada"}
{"level":"warn","message":"Ruta GET /favicon.ico no implementada"}
{"level":"warn","message":"Ruta GET /favicon.ico no implementada"}
{"level":"warn","message":"Ruta GET /favicon.ico no implementada"}
{"level":"warn","message":"Ruta GET /favicon.ico no implementada"}
{"level":"warn","message":"Ruta GET /favicon.ico no implementada"}
{"level":"warn","message":"Ruta GET /favicon.ico no implementada"}
{"level":"warn","message":"Ruta GET /favicon.ico no implementada"}
{"level":"warn","message":"Ruta GET /favicon.ico no implementada"}
{"level":"warn","message":"Ruta GET /favicon.ico no implementada"}
{"level":"warn","message":"Ruta GET /favicon.ico no implementada"}
{"level":"warn","message":"Ruta GET /favicon.ico no implementada"}
{"level":"warn","message":"Ruta GET /favicon.ico no implementada"}
{"level":"warn","message":"Ruta GET /favicon.ico no implementada"}
{"level":"warn","message":"Ruta GET /favicon.ico no implementada"}
{"level":"warn","message":"Ruta GET /favicon.ico no implementada"}
{"level":"warn","message":"Ruta GET /favicon.ico no implementada"}
{"level":"warn","message":"Ruta GET /favicon.ico no implementada"}
{"level":"warn","message":"Ruta GET /favicon.ico no implementada"}
{"level":"warn","message":"Ruta GET /favicon.ico no implementada"}
{"level":"warn","message":"Ruta GET /favicon.ico no implementada"}
{"level":"warn","message":"Ruta GET /favicon.ico no implementada"}
{"level":"warn","message":"Ruta GET /favicon.ico no implementada"}
{"level":"warn","message":"Ruta GET /favicon.ico no implementada"}
{"level":"warn","message":"Ruta GET /favicon.ico no implementada"}
{"level":"warn","message":"Ruta GET /favicon.ico no implementada"}
{"level":"warn","message":"Ruta GET /favicon.ico no implementada"}
{"level":"warn","message":"Ruta GET /favicon.ico no implementada"}
{"level":"warn","message":"Ruta GET /favicon.ico no implementada"}
{"level":"warn","message":"Ruta GET /favicon.ico no implementada"}
{"level":"warn","message":"Ruta GET /favicon.ico no implementada"}
{"level":"warn","message":"Ruta GET /favicon.ico no implementada"}
{"level":"warn","message":"Ruta GET /favicon.ico no implementada"}
{"level":"warn","message":"Ruta GET /favicon.ico no implementada"}
{"level":"warn","message":"Ruta GET /favicon.ico no implementada"}
{"level":"warn","message":"Ruta GET /favicon.ico no implementada"}
{"level":"warn","message":"Ruta GET /favicon.ico no implementada"}
{"level":"warn","message":"Ruta GET /favicon.ico no implementada"}
{"level":"warn","message":"Ruta GET /favicon.ico no implementada"}
{"level":"warn","message":"Ruta GET /favicon.ico no implementada"}
{"level":"warn","message":"Ruta GET /favicon.ico no implementada"}
{"level":"warn","message":"Ruta GET /favicon.ico no implementada"}
{"level":"warn","message":"Ruta GET /favicon.ico no implementada"}
{"level":"warn","message":"Ruta GET /favicon.ico no implementada"}
{"level":"warn","message":"Ruta GET /favicon.ico no implementada"}
{"level":"warn","message":"Ruta GET /favicon.ico no implementada"}
{"level":"warn","message":"Ruta GET /favicon.ico no implementada"}
{"level":"warn","message":"Ruta GET /favicon.ico no implementada"}
{"level":"warn","message":"Ruta GET /favicon.ico no implementada"}
{"level":"warn","message":"Ruta GET /favicon.ico no implementada"}
{"level":"warn","message":"Ruta GET /favicon.ico no implementada"}
{"level":"warn","message":"Ruta GET /favicon.ico no implementada"}
{"level":"warn","message":"Ruta GET /favicon.ico no implementada"}
{"level":"warn","message":"Ruta GET /favicon.ico no implementada"}
{"level":"warn","message":"Ruta GET /favicon.ico no implementada"}
{"level":"warn","message":"Ruta GET /favicon.ico no implementada"}
{"level":"warn","message":"Ruta GET /favicon.ico no implementada"}
{"level":"warn","message":"Ruta GET /favicon.ico no implementada"}
{"level":"warn","message":"Ruta GET /favicon.ico no implementada"}
{"level":"warn","message":"Ruta GET /favicon.ico no implementada"}
{"level":"warn","message":"Ruta GET /favicon.ico no implementada"}
{"level":"warn","message":"Ruta GET /favicon.ico no implementada"}
{"level":"warn","message":"Ruta GET /favicon.ico no implementada"}
{"level":"warn","message":"Ruta GET /favicon.ico no implementada"}
{"level":"warn","message":"Ruta GET /favicon.ico no implementada"}
{"level":"warn","message":"Ruta GET /favicon.ico no implementada"}
{"level":"warn","message":"Ruta GET /favicon.ico no implementada"}
{"level":"warn","message":"Ruta GET /favicon.ico no implementada"}
{"level":"warn","message":"Ruta GET /favicon.ico no implementada"}
{"level":"warn","message":"Ruta GET /favicon.ico no implementada"}
{"level":"warn","message":"Ruta GET /favicon.ico no implementada"}
{"level":"warn","message":"Ruta GET /favicon.ico no implementada"}
{"level":"warn","message":"Ruta GET /favicon.ico no implementada"}
{"level":"warn","message":"Ruta GET /favicon.ico no implementada"}
{"level":"warn","message":"Ruta GET /favicon.ico no implementada"}
{"level":"warn","message":"Ruta GET /favicon.ico no implementada"}
{"level":"warn","message":"Ruta GET /favicon.ico no implementada"}
{"level":"warn","message":"Ruta GET /favicon.ico no implementada"}
{"level":"warn","message":"Ruta GET /favicon.ico no implementada"}
{"level":"warn","message":"Ruta GET /favicon.ico no implementada"}
{"level":"warn","message":"Ruta GET /favicon.ico no implementada"}
{"level":"warn","message":"Ruta GET /favicon.ico no implementada"}
{"level":"warn","message":"Ruta GET /favicon.ico no implementada"}
{"level":"warn","message":"Ruta GET /favicon.ico no implementada"}
{"level":"warn","message":"Ruta GET /favicon.ico no implementada"}
{"level":"warn","message":"Ruta GET /favicon.ico no implementada"}
{"level":"warn","message":"Ruta GET /favicon.ico no implementada"}
{"level":"warn","message":"Ruta GET /favicon.ico no implementada"}
{"level":"warn","message":"Ruta GET /favicon.ico no implementada"}
{"level":"warn","message":"Ruta GET /favicon.ico no implementada"}
{"level":"warn","message":"Ruta GET /favicon.ico no implementada"}
{"level":"warn","message":"Ruta GET /favicon.ico no implementada"}
{"level":"warn","message":"Ruta GET /favicon.ico no implementada"}
{"level":"warn","message":"Ruta GET /favicon.ico no implementada"}
{"level":"warn","message":"Ruta GET /favicon.ico no implementada"}
{"level":"warn","message":"Ruta GET /favicon.ico no implementada"}
{"level":"warn","message":"Ruta GET /favicon.ico no implementada"}
{"level":"warn","message":"Ruta GET /favicon.ico no implementada"}
{"level":"warn","message":"Ruta GET /favicon.ico no implementada"}
{"level":"warn","message":"Ruta GET /favicon.ico no implementada"}
{"level":"warn","message":"Ruta GET /favicon.ico no implementada"}
{"level":"warn","message":"Ruta GET /favicon.ico no implementada"}
{"level":"warn","message":"Ruta GET /favicon.ico no implementada"}
{"level":"warn","message":"Ruta GET /favicon.ico no implementada"}
{"level":"warn","message":"Ruta GET /favicon.ico no implementada"}
{"level":"warn","message":"Ruta GET /favicon.ico no implementada"}
{"level":"warn","message":"Ruta GET /favicon.ico no implementada"}
{"level":"warn","message":"Ruta GET /favicon.ico no implementada"}
{"level":"warn","message":"Ruta GET /favicon.ico no implementada"}
{"level":"warn","message":"Ruta GET /favicon.ico no implementada"}
{"level":"warn","message":"Ruta GET /favicon.ico no implementada"}
{"level":"warn","message":"Ruta GET /favicon.ico no implementada"}
{"level":"warn","message":"Ruta GET /favicon.ico no implementada"}
{"level":"warn","message":"Ruta GET /favicon.ico no implementada"}
{"level":"warn","message":"Ruta GET /favicon.ico no implementada"}
{"level":"warn","message":"Ruta GET /favicon.ico no implementada"}
{"level":"warn","message":"Ruta GET /favicon.ico no implementada"}
{"level":"warn","message":"Ruta GET /favicon.ico no implementada"}
{"level":"warn","message":"Ruta GET /favicon.ico no implementada"}
{"level":"warn","message":"Ruta GET /favicon.ico no implementada"}
{"level":"warn","message":"Ruta GET /favicon.ico no implementada"}
{"level":"warn","message":"Ruta GET /favicon.ico no implementada"}
{"level":"warn","message":"Ruta GET /favicon.ico no implementada"}
{"level":"warn","message":"Ruta GET /favicon.ico no implementada"}
{"level":"warn","message":"Ruta GET /favicon.ico no implementada"}
{"level":"warn","message":"Ruta GET /favicon.ico no implementada"}
{"level":"warn","message":"Ruta GET /favicon.ico no implementada"}
{"level":"warn","message":"Ruta GET /favicon.ico no implementada"}
{"level":"warn","message":"Ruta GET /favicon.ico no implementada"}
{"level":"warn","message":"Ruta GET /favicon.ico no implementada"}
{"level":"warn","message":"Ruta GET /favicon.ico no implementada"}
{"level":"warn","message":"Ruta GET /favicon.ico no implementada"}
{"level":"warn","message":"Ruta GET /favicon.ico no implementada"}
{"level":"warn","message":"Ruta GET /favicon.ico no implementada"}
{"level":"warn","message":"Ruta GET /favicon.ico no implementada"}
{"level":"warn","message":"Ruta GET /favicon.ico no implementada"}
{"level":"warn","message":"Ruta GET /favicon.ico no implementada"}
{"level":"warn","message":"Ruta GET /favicon.ico no implementada"}
{"level":"warn","message":"Ruta GET /favicon.ico no implementada"}
{"level":"warn","message":"Ruta GET /favicon.ico no implementada"}
{"level":"warn","message":"Ruta GET /favicon.ico no implementada"}
{"level":"warn","message":"Ruta GET /favicon.ico no implementada"}
{"level":"warn","message":"Ruta GET /favicon.ico no implementada"}
{"level":"warn","message":"Ruta GET /favicon.ico no implementada"}
{"level":"warn","message":"Ruta GET /favicon.ico no implementada"}
{"level":"warn","message":"Ruta GET /favicon.ico no implementada"}
{"level":"warn","message":"Ruta GET /favicon.ico no implementada"}
{"level":"warn","message":"Ruta GET /favicon.ico no implementada"}
{"level":"warn","message":"Ruta GET /favicon.ico no implementada"}
{"level":"warn","message":"Ruta GET /favicon.ico no implementada"}
{"level":"warn","message":"Ruta GET /favicon.ico no implementada"}
{"level":"warn","message":"Ruta GET /favicon.ico no implementada"}
{"level":"warn","message":"Ruta GET /favicon.ico no implementada"}
{"level":"warn","message":"Ruta GET /favicon.ico no implementada"}
{"level":"warn","message":"Ruta GET /favicon.ico no implementada"}
{"level":"warn","message":"Ruta GET /favicon.ico no implementada"}
{"level":"warn","message":"Ruta GET /favicon.ico no implementada"}
{"level":"warn","message":"Ruta GET /favicon.ico no implementada"}
{"level":"warn","message":"Ruta GET /favicon.ico no implementada"}
{"level":"warn","message":"Ruta GET /favicon.ico no implementada"}
{"level":"warn","message":"Ruta GET /favicon.ico no implementada"}
{"level":"warn","message":"Ruta GET /favicon.ico no implementada"}
{"level":"warn","message":"Ruta GET /favicon.ico no implementada"}
{"level":"warn","message":"Ruta GET /favicon.ico no implementada"}
{"level":"warn","message":"Ruta GET /favicon.ico no implementada"}
{"level":"warn","message":"Ruta GET /favicon.ico no implementada"}
{"level":"warn","message":"Ruta GET /favicon.ico no implementada"}
{"level":"warn","message":"Ruta GET /favicon.ico no implementada"}
{"level":"warn","message":"Ruta GET /favicon.ico no implementada"}
{"level":"warn","message":"Ruta GET /favicon.ico no implementada"}
{"level":"warn","message":"Ruta GET /favicon.ico no implementada"}
{"level":"warn","message":"Ruta GET /favicon.ico no implementada"}
{"level":"warn","message":"Ruta GET /favicon.ico no implementada"}
{"level":"warn","message":"Ruta GET /favicon.ico no implementada"}
{"level":"warn","message":"Ruta GET /favicon.ico no implementada"}
{"level":"warn","message":"Ruta GET /favicon.ico no implementada"}
{"level":"warn","message":"Ruta GET /favicon.ico no implementada"}
{"level":"warn","message":"Ruta GET /favicon.ico no implementada"}
{"level":"warn","message":"Ruta GET /favicon.ico no implementada"}
{"level":"warn","message":"Ruta GET /favicon.ico no implementada"}
{"level":"warn","message":"Ruta GET /favicon.ico no implementada"}
{"level":"warn","message":"Ruta GET /favicon.ico no implementada"}
{"level":"warn","message":"Ruta GET /favicon.ico no implementada"}
{"level":"warn","message":"Ruta GET /favicon.ico no implementada"}
{"level":"warn","message":"Ruta GET /favicon.ico no implementada"}
{"level":"warn","message":"Ruta GET /favicon.ico no implementada"}
{"level":"warn","message":"Ruta GET /favicon.ico no implementada"}
{"level":"warn","message":"Ruta GET /favicon.ico no implementada"}
{"level":"warn","message":"Ruta GET /favicon.ico no implementada"}
{"level":"warn","message":"Ruta GET /favicon.ico no implementada"}
{"level":"warn","message":"Ruta GET /favicon.ico no implementada"}
{"level":"warn","message":"Ruta GET /favicon.ico no implementada"}
{"level":"warn","message":"Ruta GET /favicon.ico no implementada"}
{"level":"warn","message":"Ruta GET /favicon.ico no implementada"}
{"level":"warn","message":"Ruta GET /favicon.ico no implementada"}
{"level":"warn","message":"Ruta GET /favicon.ico no implementada"}
{"level":"warn","message":"Ruta GET /favicon.ico no implementada"}
{"level":"warn","message":"Ruta GET /favicon.ico no implementada"}
{"level":"warn","message":"Ruta GET /favicon.ico no implementada"}
{"level":"warn","message":"Ruta GET /favicon.ico no implementada"}
{"level":"warn","message":"Ruta GET /favicon.ico no implementada"}
{"level":"warn","message":"Ruta GET /favicon.ico no implementada"}
{"level":"warn","message":"Ruta GET /favicon.ico no implementada"}
{"level":"warn","message":"Ruta GET /favicon.ico no implementada"}
{"level":"warn","message":"Ruta GET /favicon.ico no implementada"}
{"level":"warn","message":"Ruta GET /favicon.ico no implementada"}
{"level":"warn","message":"Ruta GET /favicon.ico no implementada"}
{"level":"warn","message":"Ruta GET /favicon.ico no implementada"}
{"level":"warn","message":"Ruta GET /favicon.ico no implementada"}
{"level":"warn","message":"Ruta GET /favicon.ico no implementada"}
{"level":"warn","message":"Ruta GET /favicon.ico no implementada"}
{"level":"warn","message":"Ruta GET /favicon.ico no implementada"}
{"level":"warn","message":"Ruta GET /favicon.ico no implementada"}
{"level":"warn","message":"Ruta GET /favicon.ico no implementada"}
{"level":"warn","message":"Ruta GET /favicon.ico no implementada"}
{"level":"warn","message":"Ruta GET /favicon.ico no implementada"}
{"level":"warn","message":"Ruta GET /favicon.ico no implementada"}
{"level":"warn","message":"Ruta GET /favicon.ico no implementada"}
{"level":"warn","message":"Ruta GET /favicon.ico no implementada"}
{"level":"warn","message":"Ruta GET /favicon.ico no implementada"}
{"level":"warn","message":"Ruta GET /favicon.ico no implementada"}
{"level":"warn","message":"Ruta GET /favicon.ico no implementada"}
{"level":"warn","message":"Ruta GET /favicon.ico no implementada"}
{"level":"warn","message":"Ruta GET /favicon.ico no implementada"}
{"level":"warn","message":"Ruta GET /favicon.ico no implementada"}
{"level":"warn","message":"Ruta GET /favicon.ico no implementada"}
{"level":"warn","message":"Ruta GET /favicon.ico no implementada"}
{"level":"warn","message":"Ruta GET /favicon.ico no implementada"}
{"level":"warn","message":"Ruta GET /favicon.ico no implementada"}
{"level":"warn","message":"Ruta GET /favicon.ico no implementada"}
{"level":"warn","message":"Ruta GET /favicon.ico no implementada"}
{"level":"warn","message":"Ruta GET /favicon.ico no implementada"}
{"level":"warn","message":"Ruta GET /favicon.ico no implementada"}
{"level":"warn","message":"Ruta GET /favicon.ico no implementada"}
{"level":"warn","message":"Ruta GET /favicon.ico no implementada"}
{"level":"warn","message":"Ruta GET /favicon.ico no implementada"}
{"level":"warn","message":"Ruta GET /favicon.ico no implementada"}
{"level":"warn","message":"Ruta GET /favicon.ico no implementada"}
{"level":"warn","message":"Ruta GET /favicon.ico no implementada"}
{"level":"warn","message":"Ruta GET /favicon.ico no implementada"}
{"level":"warn","message":"Ruta GET /favicon.ico no implementada"}
{"level":"warn","message":"Ruta GET /favicon.ico no implementada"}
{"level":"warn","message":"Ruta GET /favicon.ico no implementada"}
{"level":"warn","message":"Ruta GET /favicon.ico no implementada"}
{"level":"warn","message":"Ruta GET /favicon.ico no implementada"}
{"level":"warn","message":"Ruta GET /favicon.ico no implementada"}
{"level":"warn","message":"Ruta GET /favicon.ico no implementada"}
{"level":"warn","message":"Ruta GET /favicon.ico no implementada"}
{"level":"warn","message":"Ruta GET /favicon.ico no implementada"}
{"level":"warn","message":"Ruta GET /favicon.ico no implementada"}
{"level":"warn","message":"Ruta GET /favicon.ico no implementada"}
{"level":"warn","message":"Ruta GET /favicon.ico no implementada"}
{"level":"warn","message":"Ruta GET /favicon.ico no implementada"}
{"level":"warn","message":"Ruta GET /favicon.ico no implementada"}
{"level":"warn","message":"Ruta GET /favicon.ico no implementada"}
{"level":"warn","message":"Ruta GET /favicon.ico no implementada"}
{"level":"warn","message":"Ruta GET /favicon.ico no implementada"}
{"level":"warn","message":"Ruta GET /favicon.ico no implementada"}
{"level":"warn","message":"Ruta GET /favicon.ico no implementada"}
{"level":"warn","message":"Ruta GET /favicon.ico no implementada"}
{"level":"warn","message":"Ruta GET /favicon.ico no implementada"}
{"level":"warn","message":"Ruta GET /favicon.ico no implementada"}
{"level":"warn","message":"Ruta GET /favicon.ico no implementada"}
{"level":"warn","message":"Ruta GET /favicon.ico no implementada"}
{"level":"warn","message":"Ruta GET /favicon.ico no implementada"}
{"level":"warn","message":"Ruta GET /favicon.ico no implementada"}
{"level":"warn","message":"Ruta GET /favicon.ico no implementada"}
{"level":"warn","message":"Ruta GET /favicon.ico no implementada"}
{"level":"warn","message":"Ruta GET /favicon.ico no implementada"}
{"level":"warn","message":"Ruta GET /favicon.ico no implementada"}
{"level":"warn","message":"Ruta GET /favicon.ico no implementada"}
{"level":"warn","message":"Ruta GET /favicon.ico no implementada"}
{"level":"warn","message":"Ruta GET /favicon.ico no implementada"}
{"level":"warn","message":"Ruta GET /favicon.ico no implementada"}
{"level":"warn","message":"Ruta GET /favicon.ico no implementada"}
{"level":"warn","message":"Ruta GET /favicon.ico no implementada"}
{"level":"warn","message":"Ruta GET /favicon.ico no implementada"}
{"level":"warn","message":"Ruta GET /favicon.ico no implementada"}
{"level":"warn","message":"Ruta GET /favicon.ico no implementada"}
{"level":"warn","message":"Ruta GET /favicon.ico no implementada"}
{"level":"warn","message":"Ruta GET /favicon.ico no implementada"}
{"level":"warn","message":"Ruta GET /favicon.ico no implementada"}
{"level":"warn","message":"Ruta GET /favicon.ico no implementada"}
{"level":"warn","message":"Ruta GET /favicon.ico no implementada"}
{"level":"warn","message":"Ruta GET /favicon.ico no implementada"}
{"level":"warn","message":"Ruta GET /favicon.ico no implementada"}
{"level":"warn","message":"Ruta GET /favicon.ico no implementada"}
{"level":"warn","message":"Ruta GET /favicon.ico no implementada"}
{"level":"warn","message":"Ruta GET /favicon.ico no implementada"}
{"level":"warn","message":"Ruta GET /favicon.ico no implementada"}
{"level":"warn","message":"Ruta GET /favicon.ico no implementada"}
{"level":"warn","message":"Ruta GET /favicon.ico no implementada"}
{"level":"warn","message":"Ruta GET /favicon.ico no implementada"}
{"level":"warn","message":"Ruta GET /favicon.ico no implementada"}
{"level":"warn","message":"Ruta GET /favicon.ico no implementada"}
{"level":"warn","message":"Ruta GET /favicon.ico no implementada"}
{"level":"warn","message":"Ruta GET /favicon.ico no implementada"}
{"level":"warn","message":"Ruta GET /favicon.ico no implementada"}
{"level":"warn","message":"Ruta GET /favicon.ico no implementada"}
{"level":"warn","message":"Ruta GET /favicon.ico no implementada"}
{"level":"warn","message":"Ruta GET /favicon.ico no implementada"}
{"level":"warn","message":"Ruta GET /favicon.ico no implementada"}
{"level":"warn","message":"Ruta GET /favicon.ico no implementada"}
{"level":"warn","message":"Ruta GET /favicon.ico no implementada"}
{"level":"warn","message":"Ruta GET /favicon.ico no implementada"}
{"level":"warn","message":"Ruta GET /favicon.ico no implementada"}
{"level":"warn","message":"Ruta GET /favicon.ico no implementada"}
{"level":"warn","message":"Ruta GET /favicon.ico no implementada"}
{"level":"warn","message":"Ruta GET /favicon.ico no implementada"}
{"level":"warn","message":"Ruta GET /favicon.ico no implementada"}
{"level":"warn","message":"Ruta GET /favicon.ico no implementada"}
{"level":"warn","message":"Ruta GET /favicon.ico no implementada"}
{"level":"warn","message":"Ruta GET /favicon.ico no implementada"}
{"level":"warn","message":"Ruta GET /favicon.ico no implementada"}
{"level":"warn","message":"Ruta GET /favicon.ico no implementada"}
{"level":"warn","message":"Ruta GET /favicon.ico no implementada"}
{"level":"warn","message":"Ruta GET /favicon.ico no implementada"}
{"level":"warn","message":"Ruta GET /favicon.ico no implementada"}
{"level":"warn","message":"Ruta GET /favicon.ico no implementada"}
{"level":"warn","message":"Ruta GET /favicon.ico no implementada"}
{"level":"warn","message":"Ruta GET /favicon.ico no implementada"}
{"level":"warn","message":"Ruta GET /favicon.ico no implementada"}
{"level":"warn","message":"Ruta GET /favicon.ico no implementada"}
{"level":"warn","message":"Ruta GET /favicon.ico no implementada"}
{"level":"warn","message":"Ruta GET /favicon.ico no implementada"}
{"level":"warn","message":"Ruta GET /favicon.ico no implementada"}
{"level":"warn","message":"Ruta GET /favicon.ico no implementada"}
{"level":"warn","message":"Ruta GET /favicon.ico no implementada"}
{"level":"warn","message":"Ruta GET /favicon.ico no implementada"}
{"level":"warn","message":"Ruta GET /favicon.ico no implementada"}
{"level":"warn","message":"Ruta GET /favicon.ico no implementada"}
{"level":"warn","message":"Ruta GET /favicon.ico no implementada"}
{"level":"warn","message":"Ruta GET /favicon.ico no implementada"}
{"level":"warn","message":"Ruta GET /favicon.ico no implementada"}
{"level":"warn","message":"Ruta GET /favicon.ico no implementada"}
{"level":"warn","message":"Ruta GET /favicon.ico no implementada"}
{"level":"warn","message":"Ruta GET /favicon.ico no implementada"}
{"level":"warn","message":"Ruta GET /favicon.ico no implementada"}
{"level":"warn","message":"Ruta GET /favicon.ico no implementada"}
{"level":"warn","message":"Ruta GET /favicon.ico no implementada"}
{"level":"warn","message":"Ruta GET /favicon.ico no implementada"}
{"level":"warn","message":"Ruta GET /favicon.ico no implementada"}
{"level":"warn","message":"Ruta GET /favicon.ico no implementada"}
{"level":"warn","message":"Ruta GET /favicon.ico no implementada"}
{"level":"warn","message":"Ruta GET /favicon.ico no implementada"}
{"level":"warn","message":"Ruta GET /favicon.ico no implementada"}
{"level":"warn","message":"Ruta GET /favicon.ico no implementada"}
{"level":"warn","message":"Ruta GET /favicon.ico no implementada"}
{"level":"warn","message":"Ruta GET /favicon.ico no implementada"}
{"level":"warn","message":"Ruta GET /favicon.ico no implementada"}
{"level":"warn","message":"Ruta GET /favicon.ico no implementada"}
{"level":"warn","message":"Ruta GET /favicon.ico no implementada"}
{"level":"warn","message":"Ruta GET /favicon.ico no implementada"}
{"level":"warn","message":"Ruta GET /favicon.ico no implementada"}
{"level":"warn","message":"Ruta GET /favicon.ico no implementada"}
{"level":"warn","message":"Ruta GET /favicon.ico no implementada"}
{"level":"warn","message":"Ruta GET /favicon.ico no implementada"}
{"level":"warn","message":"Ruta GET /favicon.ico no implementada"}
{"level":"warn","message":"Ruta GET /favicon.ico no implementada"}
{"level":"warn","message":"Ruta GET /favicon.ico no implementada"}
{"level":"warn","message":"Ruta GET /favicon.ico no implementada"}
{"level":"warn","message":"Ruta GET /favicon.ico no implementada"}
{"level":"warn","message":"Ruta GET /favicon.ico no implementada"}
{"level":"warn","message":"Ruta GET /favicon.ico no implementada"}
{"level":"warn","message":"Ruta GET /favicon.ico no implementada"}
{"level":"warn","message":"Ruta GET /favicon.ico no implementada"}
{"level":"warn","message":"Ruta GET /favicon.ico no implementada"}
{"level":"warn","message":"Ruta GET /favicon.ico no implementada"}
{"level":"warn","message":"Ruta GET /favicon.ico no implementada"}
{"level":"warn","message":"Ruta GET /favicon.ico no implementada"}
{"level":"warn","message":"Ruta GET /favicon.ico no implementada"}
{"level":"warn","message":"Ruta GET /favicon.ico no implementada"}
{"level":"warn","message":"Ruta GET /favicon.ico no implementada"}
{"level":"warn","message":"Ruta GET /favicon.ico no implementada"}
{"level":"warn","message":"Ruta GET /favicon.ico no implementada"}
{"level":"warn","message":"Ruta GET /favicon.ico no implementada"}
{"level":"warn","message":"Ruta GET /favicon.ico no implementada"}
{"level":"warn","message":"Ruta GET /favicon.ico no implementada"}
{"level":"warn","message":"Ruta GET /favicon.ico no implementada"}
{"level":"warn","message":"Ruta GET /favicon.ico no implementada"}
{"level":"warn","message":"Ruta GET /favicon.ico no implementada"}
{"level":"warn","message":"Ruta GET /favicon.ico no implementada"}
{"level":"warn","message":"Ruta GET /favicon.ico no implementada"}
{"level":"warn","message":"Ruta GET /favicon.ico no implementada"}
{"level":"warn","message":"Ruta GET /favicon.ico no implementada"}
{"level":"warn","message":"Ruta GET /favicon.ico no implementada"}
{"level":"warn","message":"Ruta GET /favicon.ico no implementada"}
{"level":"warn","message":"Ruta GET /favicon.ico no implementada"}
{"level":"warn","message":"Ruta GET /favicon.ico no implementada"}
{"level":"warn","message":"Ruta GET /favicon.ico no implementada"}
{"level":"warn","message":"Ruta GET /favicon.ico no implementada"}
{"level":"warn","message":"Ruta GET /favicon.ico no implementada"}
{"level":"warn","message":"Ruta GET /favicon.ico no implementada"}
{"level":"warn","message":"Ruta GET /favicon.ico no implementada"}
{"level":"warn","message":"Ruta GET /favicon.ico no implementada"}
{"level":"warn","message":"Ruta GET /favicon.ico no implementada"}
{"level":"warn","message":"Ruta GET /favicon.ico no implementada"}
{"level":"warn","message":"Ruta GET /favicon.ico no implementada"}
{"level":"warn","message":"Ruta GET /favicon.ico no implementada"}
{"level":"warn","message":"Ruta GET /favicon.ico no implementada"}
{"level":"warn","message":"Ruta GET /favicon.ico no implementada"}
{"level":"warn","message":"Ruta GET /favicon.ico no implementada"}
{"level":"warn","message":"Ruta GET /favicon.ico no implementada"}
{"level":"warn","message":"Ruta GET /favicon.ico no implementada"}
{"level":"warn","message":"Ruta GET /favicon.ico no implementada"}
{"level":"warn","message":"Ruta GET /favicon.ico no implementada"}
{"level":"warn","message":"Ruta GET /favicon.ico no implementada"}
{"level":"warn","message":"Ruta GET /favicon.ico no implementada"}
{"level":"warn","message":"Ruta GET /favicon.ico no implementada"}
{"level":"warn","message":"Ruta GET /favicon.ico no implementada"}
{"level":"warn","message":"Ruta GET /favicon.ico no implementada"}
{"level":"warn","message":"Ruta GET /favicon.ico no implementada"}
{"level":"warn","message":"Ruta GET /favicon.ico no implementada"}
{"level":"warn","message":"Ruta GET /favicon.ico no implementada"}
{"level":"warn","message":"Ruta GET /favicon.ico no implementada"}
{"level":"warn","message":"Ruta GET /favicon.ico no implementada"}
{"level":"warn","message":"Ruta GET /favicon.ico no implementada"}
{"level":"warn","message":"Ruta GET /favicon.ico no implementada"}
{"level":"warn","message":"Ruta GET /favicon.ico no implementada"}
{"level":"warn","message":"Ruta GET /favicon.ico no implementada"}
{"level":"warn","message":"Ruta GET /favicon.ico no implementada"}
{"level":"warn","message":"Ruta GET /favicon.ico no implementada"}
{"level":"warn","message":"Ruta GET /favicon.ico no implementada"}
{"level":"warn","message":"Ruta GET /favicon.ico no implementada"}
{"level":"warn","message":"Ruta GET /favicon.ico no implementada"}
{"level":"warn","message":"Ruta GET /favicon.ico no implementada"}
{"level":"warn","message":"Ruta GET /favicon.ico no implementada"}
{"level":"warn","message":"Ruta GET /favicon.ico no implementada"}
{"level":"warn","message":"Ruta GET /favicon.ico no implementada"}
{"level":"warn","message":"Ruta GET /favicon.ico no implementada"}
{"level":"warn","message":"Ruta GET /favicon.ico no implementada"}
{"level":"warn","message":"Ruta GET /favicon.ico no implementada"}
{"level":"warn","message":"Ruta GET /favicon.ico no implementada"}
{"level":"warn","message":"Ruta GET /favicon.ico no implementada"}
{"level":"warn","message":"Ruta GET /favicon.ico no implementada"}
{"level":"warn","message":"Ruta GET /favicon.ico no implementada"}
{"level":"warn","message":"Ruta GET /favicon.ico no implementada"}
{"level":"warn","message":"Ruta GET /favicon.ico no implementada"}
{"level":"warn","message":"Ruta GET /favicon.ico no implementada"}
{"level":"warn","message":"Ruta GET /favicon.ico no implementada"}
{"level":"warn","message":"Ruta GET /favicon.ico no implementada"}
{"level":"warn","message":"Ruta GET /favicon.ico no implementada"}
{"level":"warn","message":"Ruta GET /favicon.ico no implementada"}
{"level":"warn","message":"Ruta GET /favicon.ico no implementada"}
{"level":"warn","message":"Ruta GET /favicon.ico no implementada"}
{"level":"warn","message":"Ruta GET /favicon.ico no implementada"}
{"level":"warn","message":"Ruta GET /favicon.ico no implementada"}
{"level":"warn","message":"Ruta GET /favicon.ico no implementada"}
{"level":"warn","message":"Ruta GET /favicon.ico no implementada"}
{"level":"warn","message":"Ruta GET /favicon.ico no implementada"}
{"level":"warn","message":"Ruta GET /favicon.ico no implementada"}
{"level":"warn","message":"Ruta GET /favicon.ico no implementada"}
{"level":"warn","message":"Ruta GET /favicon.ico no implementada"}
{"level":"warn","message":"Ruta GET /favicon.ico no implementada"}
{"level":"warn","message":"Ruta GET /favicon.ico no implementada"}
{"level":"warn","message":"Ruta GET /favicon.ico no implementada"}
{"level":"warn","message":"Ruta GET /favicon.ico no implementada"}
{"level":"warn","message":"Ruta GET /favicon.ico no implementada"}
{"level":"warn","message":"Ruta GET /favicon.ico no implementada"}
{"level":"warn","message":"Ruta GET /favicon.ico no implementada"}
{"level":"warn","message":"Ruta GET /favicon.ico no implementada"}
{"level":"warn","message":"Ruta GET /favicon.ico no implementada"}
{"level":"warn","message":"Ruta GET /favicon.ico no implementada"}
{"level":"warn","message":"Ruta GET /favicon.ico no implementada"}
{"level":"warn","message":"Ruta GET /favicon.ico no implementada"}
{"level":"warn","message":"Ruta GET /favicon.ico no implementada"}
{"level":"warn","message":"Ruta GET /favicon.ico no implementada"}
{"level":"warn","message":"Ruta GET /favicon.ico no implementada"}
{"level":"warn","message":"Ruta GET /favicon.ico no implementada"}
{"level":"warn","message":"Ruta GET /favicon.ico no implementada"}
{"level":"warn","message":"Ruta GET /favicon.ico no implementada"}
{"level":"warn","message":"Ruta GET /favicon.ico no implementada"}
{"level":"warn","message":"Ruta GET /favicon.ico no implementada"}
{"level":"warn","message":"Ruta GET /favicon.ico no implementada"}
{"level":"warn","message":"Ruta GET /favicon.ico no implementada"}
{"level":"warn","message":"Ruta GET /favicon.ico no implementada"}
{"level":"warn","message":"Ruta GET /favicon.ico no implementada"}
{"level":"warn","message":"Ruta GET /favicon.ico no implementada"}
{"level":"warn","message":"Ruta GET /favicon.ico no implementada"}
{"level":"warn","message":"Ruta GET /favicon.ico no implementada"}
{"level":"warn","message":"Ruta GET /favicon.ico no implementada"}
{"level":"warn","message":"Ruta GET /favicon.ico no implementada"}
{"level":"warn","message":"Ruta GET /favicon.ico no implementada"}
{"level":"warn","message":"Ruta GET /favicon.ico no implementada"}
{"level":"warn","message":"Ruta GET /favicon.ico no implementada"}
{"level":"warn","message":"Ruta GET /favicon.ico no implementada"}
{"level":"warn","message":"Ruta GET /favicon.ico no implementada"}
{"level":"warn","message":"Ruta GET /favicon.ico no implementada"}
{"level":"warn","message":"Ruta GET /favicon.ico no implementada"}
{"level":"warn","message":"Ruta GET /favicon.ico no implementada"}
{"level":"warn","message":"Ruta GET /favicon.ico no implementada"}
{"level":"warn","message":"Ruta GET /favicon.ico no implementada"}
{"level":"warn","message":"Ruta GET /favicon.ico no implementada"}
{"level":"warn","message":"Ruta GET /favicon.ico no implementada"}
{"level":"warn","message":"Ruta GET /favicon.ico no implementada"}
{"level":"warn","message":"Ruta GET /favicon.ico no implementada"}
{"level":"warn","message":"Ruta GET /favicon.ico no implementada"}
{"level":"warn","message":"Ruta GET /favicon.ico no implementada"}
{"level":"warn","message":"Ruta GET /favicon.ico no implementada"}
{"level":"warn","message":"Ruta GET /favicon.ico no implementada"}
{"level":"warn","message":"Ruta GET /favicon.ico no implementada"}
{"level":"warn","message":"Ruta GET /favicon.ico no implementada"}
{"level":"warn","message":"Ruta GET /favicon.ico no implementada"}
{"level":"warn","message":"Ruta GET /favicon.ico no implementada"}
{"level":"warn","message":"Ruta GET /favicon.ico no implementada"}
{"level":"warn","message":"Ruta GET /favicon.ico no implementada"}
{"level":"warn","message":"Ruta GET /favicon.ico no implementada"}
{"level":"warn","message":"Ruta GET /favicon.ico no implementada"}
{"level":"warn","message":"Ruta GET /favicon.ico no implementada"}
{"level":"warn","message":"Ruta GET /favicon.ico no implementada"}
{"level":"warn","message":"Ruta GET /favicon.ico no implementada"}
{"level":"warn","message":"Ruta GET /favicon.ico no implementada"}
{"level":"warn","message":"Ruta GET /favicon.ico no implementada"}
{"level":"warn","message":"Ruta GET /favicon.ico no implementada"}
{"level":"warn","message":"Ruta GET /favicon.ico no implementada"}
{"level":"warn","message":"Ruta GET /favicon.ico no implementada"}
{"level":"warn","message":"Ruta GET /favicon.ico no implementada"}
{"level":"warn","message":"Ruta GET /favicon.ico no implementada"}
{"level":"warn","message":"Ruta GET /favicon.ico no implementada"}
{"level":"warn","message":"Ruta GET /favicon.ico no implementada"}
{"level":"warn","message":"Ruta GET /favicon.ico no implementada"}
{"level":"warn","message":"Ruta GET /favicon.ico no implementada"}
{"level":"warn","message":"Ruta GET /favicon.ico no implementada"}
{"level":"warn","message":"Ruta GET /favicon.ico no implementada"}
{"level":"warn","message":"Ruta GET /favicon.ico no implementada"}
{"level":"warn","message":"Ruta GET /favicon.ico no implementada"}
{"level":"warn","message":"Ruta GET /favicon.ico no implementada"}
{"level":"warn","message":"Ruta GET /favicon.ico no implementada"}
{"level":"warn","message":"Ruta GET /favicon.ico no implementada"}
{"level":"warn","message":"Ruta GET /favicon.ico no implementada"}
{"level":"warn","message":"Ruta GET /favicon.ico no implementada"}
{"level":"warn","message":"Ruta GET /favicon.ico no implementada"}
{"level":"warn","message":"Ruta GET /favicon.ico no implementada"}
{"level":"warn","message":"Ruta GET /favicon.ico no implementada"}
{"level":"warn","message":"Ruta GET /favicon.ico no implementada"}
{"level":"error","message":"Error al guardar en mongo ValidationError: author.0.id: Path `id` is required."}
{"level":"warn","message":"Ruta GET /favicon.ico no implementada"}
{"level":"warn","message":"Ruta GET /favicon.ico no implementada"}
{"level":"warn","message":"Ruta GET /favicon.ico no implementada"}
{"level":"warn","message":"Ruta GET /favicon.ico no implementada"}
{"level":"warn","message":"Ruta GET /favicon.ico no implementada"}
{"level":"warn","message":"Ruta GET /favicon.ico no implementada"}
{"level":"warn","message":"Ruta GET /favicon.ico no implementada"}
{"level":"warn","message":"Ruta GET /favicon.ico no implementada"}
{"level":"warn","message":"Ruta GET /favicon.ico no implementada"}
{"level":"warn","message":"Ruta GET /favicon.ico no implementada"}
{"level":"warn","message":"Ruta GET /favicon.ico no implementada"}
{"level":"warn","message":"Ruta GET /favicon.ico no implementada"}
{"level":"warn","message":"Ruta GET /favicon.ico no implementada"}
{"level":"warn","message":"Ruta GET /favicon.ico no implementada"}
{"level":"warn","message":"Ruta GET /favicon.ico no implementada"}
{"level":"warn","message":"Ruta GET /favicon.ico no implementada"}
{"level":"warn","message":"Ruta GET /favicon.ico no implementada"}
{"level":"warn","message":"Ruta GET /favicon.ico no implementada"}
{"level":"warn","message":"Ruta GET /favicon.ico no implementada"}
{"level":"warn","message":"Ruta GET /favicon.ico no implementada"}
{"level":"warn","message":"Ruta GET /favicon.ico no implementada"}
{"level":"warn","message":"Ruta GET /favicon.ico no implementada"}
{"level":"warn","message":"Ruta GET /favicon.ico no implementada"}
{"level":"warn","message":"Ruta GET /favicon.ico no implementada"}
{"level":"warn","message":"Ruta GET /favicon.ico no implementada"}
{"level":"warn","message":"Ruta GET /favicon.ico no implementada"}
{"level":"warn","message":"Ruta GET /favicon.ico no implementada"}
{"level":"warn","message":"Ruta GET /favicon.ico no implementada"}
{"level":"warn","message":"Ruta GET /favicon.ico no implementada"}
{"level":"warn","message":"Ruta GET /favicon.ico no implementada"}
{"level":"warn","message":"Ruta GET /favicon.ico no implementada"}
{"level":"warn","message":"Ruta GET /favicon.ico no implementada"}
{"level":"warn","message":"Ruta GET /favicon.ico no implementada"}
{"level":"warn","message":"Ruta GET /favicon.ico no implementada"}
{"level":"warn","message":"Ruta GET /favicon.ico no implementada"}
{"level":"warn","message":"Ruta GET /favicon.ico no implementada"}
{"level":"warn","message":"Ruta GET /favicon.ico no implementada"}
